测速日志 2026-06-30 16:14:41
速度阈值: 140KB/s
去重功能: 已启用
EPG源: https://gh-proxy.com/https://raw.githubusercontent.com/adminouyang/231006/refs/heads/main/py/TV/EPG/epg.xml
[2026-06-30 16:15:49] ⚠️ 仅读取 0.2KB 数据: http://112.46.85.60:8009/hls/501/index.m3u8
[2026-06-30 16:15:49] ✅ 测速成功: http://112.46.85.60:8009/hls/501/index.m3u8
   速度: 229.49KB/s > 140KB/s | 数据量: 0.2KB | 总耗时: 0.52s
[2026-06-30 16:15:50] ⚠️ 仅读取 0.2KB 数据: http://112.27.235.94:8000/hls/1/index.m3u8
[2026-06-30 16:15:50] ✅ 测速成功: http://112.27.235.94:8000/hls/1/index.m3u8
   速度: 246.09KB/s > 140KB/s | 数据量: 0.2KB | 总耗时: 0.42s
[2026-06-30 16:15:50] ⚠️ 仅读取 0.2KB 数据: http://182.150.23.74:808/hls/1/index.m3u8
[2026-06-30 16:15:50] ✅ 测速成功: http://182.150.23.74:808/hls/1/index.m3u8
   速度: 245.12KB/s > 140KB/s | 数据量: 0.2KB | 总耗时: 0.65s
[2026-06-30 16:15:51] ⚠️ 仅读取 0.2KB 数据: https://global.cgtn.cicc.media.caton.cloud/master/cgtn-america.m3u8
[2026-06-30 16:15:51] ✅ 测速成功: https://global.cgtn.cicc.media.caton.cloud/master/cgtn-america.m3u8
   速度: 221.68KB/s > 140KB/s | 数据量: 0.2KB | 总耗时: 0.39s
[2026-06-30 16:15:52] ⚠️ 仅读取 0.2KB 数据: http://gmxw.7766.org:808/hls/93/index.m3u8
[2026-06-30 16:15:52] ✅ 测速成功: http://gmxw.7766.org:808/hls/93/index.m3u8
   速度: 239.26KB/s > 140KB/s | 数据量: 0.2KB | 总耗时: 1.33s
[2026-06-30 16:15:57] ⚠️ 仅读取 0.2KB 数据: http://cssbyd.imwork.net:8082/hls/6/index.m3u8
[2026-06-30 16:15:57] ✅ 测速成功: http://cssbyd.imwork.net:8082/hls/6/index.m3u8
   速度: 234.38KB/s > 140KB/s | 数据量: 0.2KB | 总耗时: 5.17s
[2026-06-30 16:15:58] ⚠️ 仅读取 0.4KB 数据: http://61.136.172.236:9901/tsfile/live/0016_1.m3u8
[2026-06-30 16:15:58] ✅ 测速成功: http://61.136.172.236:9901/tsfile/live/0016_1.m3u8
   速度: 423.83KB/s > 140KB/s | 数据量: 0.4KB | 总耗时: 0.56s
[2026-06-30 16:15:58] ⚠️ 仅读取 0.2KB 数据: http://183.11.239.36:808/hls/94/index.m3u8
[2026-06-30 16:15:58] ✅ 测速成功: http://183.11.239.36:808/hls/94/index.m3u8
   速度: 239.26KB/s > 140KB/s | 数据量: 0.2KB | 总耗时: 0.49s
[2026-06-30 16:15:58] ⚠️ 仅读取 0.2KB 数据: http://74.91.26.218:82/live/cctv9hd.m3u8
[2026-06-30 16:15:58] ✅ 测速成功: http://74.91.26.218:82/live/cctv9hd.m3u8
   速度: 197.27KB/s > 140KB/s | 数据量: 0.2KB | 总耗时: 0.13s
[2026-06-30 16:16:00] ⚠️ 仅读取 0.3KB 数据: http://ali-m-l.cztv.com/channels/lantian/channel21/1080p.m3u8
[2026-06-30 16:16:00] ✅ 测速成功: http://ali-m-l.cztv.com/channels/lantian/channel21/1080p.m3u8
   速度: 291.99KB/s > 140KB/s | 数据量: 0.3KB | 总耗时: 1.26s
[2026-06-30 16:16:03] ⚠️ 速度不足: http://drive.mxmy.net:8888/udp/239.3.1.184:8001
   速度: 48.36KB/s <= 140KB/s | 数据量: 104.0KB | 总耗时: 3.74s
[2026-06-30 16:16:03] ⚠️ 仅读取 0.1KB 数据: https://epg.pw/stream/25677ac2e8c1f7c3dd6359c43eb5f0f54efb3f5c11f9dda18d01b3e0308ed017.m3u8
[2026-06-30 16:16:03] ⚠️ 速度不足: https://epg.pw/stream/25677ac2e8c1f7c3dd6359c43eb5f0f54efb3f5c11f9dda18d01b3e0308ed017.m3u8
   速度: 124.02KB/s <= 140KB/s | 数据量: 0.1KB | 总耗时: 0.20s
[2026-06-30 16:16:04] ⚠️ 仅读取 0.4KB 数据: http://english-livetx.cgtn.com/hls/yypdyyctzb_hd.m3u8
[2026-06-30 16:16:04] ✅ 测速成功: http://english-livetx.cgtn.com/hls/yypdyyctzb_hd.m3u8
   速度: 402.34KB/s > 140KB/s | 数据量: 0.4KB | 总耗时: 0.45s
[2026-06-30 16:16:04] ⚠️ 仅读取 0.1KB 数据: https://0472.org/hls/cgtn.m3u8
[2026-06-30 16:16:04] ⚠️ 速度不足: https://0472.org/hls/cgtn.m3u8
   速度: 125.98KB/s <= 140KB/s | 数据量: 0.1KB | 总耗时: 0.25s
[2026-06-30 16:16:05] ✅ 测速成功: https://vd2.bdstatic.com/mda-sctj0f6r4u1bpebc/1080p/cae_h264/1774706523506678171/mda-sctj0f6r4u1bpebc.mp4
   速度: 33598.37KB/s > 140KB/s | 数据量: 104.0KB | 总耗时: 0.94s
[2026-06-30 16:16:07] ⚠️ 仅读取 0.3KB 数据: http://satellitepull.cnr.cn/live/wxbtv/playlist.m3u8
[2026-06-30 16:16:07] ✅ 测速成功: http://satellitepull.cnr.cn/live/wxbtv/playlist.m3u8
   速度: 254.88KB/s > 140KB/s | 数据量: 0.3KB | 总耗时: 1.61s
[2026-06-30 16:16:08] ⚠️ 仅读取 0.8KB 数据: http://bp-resource-dfl.bestv.cn/155/3/video.m3u8
[2026-06-30 16:16:08] ✅ 测速成功: http://bp-resource-dfl.bestv.cn/155/3/video.m3u8
   速度: 831.05KB/s > 140KB/s | 数据量: 0.8KB | 总耗时: 1.68s
[2026-06-30 16:16:16] ⚠️ 仅读取 0.5KB 数据: http://live.zohi.tv/video/s10001-fztv-3/index.m3u8
[2026-06-30 16:16:16] ✅ 测速成功: http://live.zohi.tv/video/s10001-fztv-3/index.m3u8
   速度: 498.05KB/s > 140KB/s | 数据量: 0.5KB | 总耗时: 7.41s
[2026-06-30 16:16:16] ✅ 测速成功: https://txmov2.a.kwimgs.com/upic/2023/01/26/09/BMjAyMzAxMjYwOTE3NDVfNzM5MzQzNzIyXzk0NjI1OTUwNTA3XzBfMw==_b_B81ddda927d33445d544befd008e60109.mp4
   速度: 2681.99KB/s > 140KB/s | 数据量: 104.0KB | 总耗时: 0.52s
[2026-06-30 16:16:17] ⚠️ 仅读取 0.2KB 数据: http://hlsal-ldvt.qing.mgtv.com/nn_live/nn_x64/Y2RuZXhfaWQ9YWxfaGxzX2xkdnQmZT02OTE0NjA0JnY9MSZpZD1ITldTWkdTVCZzPTcwN2RiYTc2YzJjNmJmMTQ4MmUyZGYzOWU2NWM3YWFi/HNWSZGST.m3u8
[2026-06-30 16:16:17] ✅ 测速成功: http://hlsal-ldvt.qing.mgtv.com/nn_live/nn_x64/Y2RuZXhfaWQ9YWxfaGxzX2xkdnQmZT02OTE0NjA0JnY9MSZpZD1ITldTWkdTVCZzPTcwN2RiYTc2YzJjNmJmMTQ4MmUyZGYzOWU2NWM3YWFi/HNWSZGST.m3u8
   速度: 225.59KB/s > 140KB/s | 数据量: 0.2KB | 总耗时: 1.11s
[2026-06-30 16:16:19] ⚠️ 仅读取 0.1KB 数据: http://antvlive.ab5c6921.cdnviet.com/antv/playlist.m3u8
[2026-06-30 16:16:19] ⚠️ 速度不足: http://antvlive.ab5c6921.cdnviet.com/antv/playlist.m3u8
   速度: 123.05KB/s <= 140KB/s | 数据量: 0.1KB | 总耗时: 2.00s
[2026-06-30 16:16:20] ⚠️ 仅读取 0.3KB 数据: http://218.84.12.186:8001/hls/main/playlist.m3u8?zxinjd;http://218.84.12.186:8001/hls/main/playlist.m3u8zxinjd
[2026-06-30 16:16:20] ✅ 测速成功: http://218.84.12.186:8001/hls/main/playlist.m3u8?zxinjd;http://218.84.12.186:8001/hls/main/playlist.m3u8zxinjd
   速度: 325.20KB/s > 140KB/s | 数据量: 0.3KB | 总耗时: 0.61s
[2026-06-30 16:16:23] ⚠️ 仅读取 0.5KB 数据: https://srs.iyb983.cn:443/video/CYS/index.m3u8
[2026-06-30 16:16:23] ✅ 测速成功: https://srs.iyb983.cn:443/video/CYS/index.m3u8
   速度: 515.62KB/s > 140KB/s | 数据量: 0.5KB | 总耗时: 2.56s
[2026-06-30 16:16:31] ⚠️ 仅读取 0.3KB 数据: http://l.cztvcloud.com/channels/lantian/SXxinchang2/720p.m3u8
[2026-06-30 16:16:31] ✅ 测速成功: http://l.cztvcloud.com/channels/lantian/SXxinchang2/720p.m3u8
   速度: 284.18KB/s > 140KB/s | 数据量: 0.3KB | 总耗时: 7.92s
[2026-06-30 16:16:31] ⚠️ 仅读取 0.3KB 数据: https://ali-m-l.cztv.com/channels/lantian/channel001/1080p.m3u8
[2026-06-30 16:16:31] ✅ 测速成功: https://ali-m-l.cztv.com/channels/lantian/channel001/1080p.m3u8
   速度: 291.99KB/s > 140KB/s | 数据量: 0.3KB | 总耗时: 0.88s
[2026-06-30 16:16:32] ⚠️ 仅读取 0.3KB 数据: http://ali-xwl.cztv.com/live/channel011080Plxw.m3u8
[2026-06-30 16:16:32] ✅ 测速成功: http://ali-xwl.cztv.com/live/channel011080Plxw.m3u8
   速度: 345.70KB/s > 140KB/s | 数据量: 0.3KB | 总耗时: 0.11s
[2026-06-30 16:16:33] ⚠️ 仅读取 0.3KB 数据: https://liveout.xntv.tv/a65jur/96iln2.m3u8
[2026-06-30 16:16:33] ✅ 测速成功: https://liveout.xntv.tv/a65jur/96iln2.m3u8
   速度: 265.62KB/s > 140KB/s | 数据量: 0.3KB | 总耗时: 1.61s
[2026-06-30 16:16:34] ⚠️ 仅读取 0.1KB 数据: http://222.128.55.152:9080/live/dwq.m3u8
[2026-06-30 16:16:34] ⚠️ 速度不足: http://222.128.55.152:9080/live/dwq.m3u8
   速度: 0.41KB/s <= 140KB/s | 数据量: 0.1KB | 总耗时: 0.63s
[2026-06-30 16:16:35] ⚠️ 仅读取 0.6KB 数据: https://5ddce30eb4b55.streamlock.net/bltvhd/bltv1/chunklist_w511254805.m3u8
[2026-06-30 16:16:35] ✅ 测速成功: https://5ddce30eb4b55.streamlock.net/bltvhd/bltv1/chunklist_w511254805.m3u8
   速度: 586.91KB/s > 140KB/s | 数据量: 0.6KB | 总耗时: 0.94s
[2026-06-30 16:16:35] ⚠️ 仅读取 0.2KB 数据: http://61.162.52.6:8088/newlive/live/hls/60/live.m3u8
[2026-06-30 16:16:35] ✅ 测速成功: http://61.162.52.6:8088/newlive/live/hls/60/live.m3u8
   速度: 232.42KB/s > 140KB/s | 数据量: 0.2KB | 总耗时: 0.43s
[2026-06-30 16:16:38] ✅ 测速成功: http://www.goodiptv.club/douyu/747764
   速度: 429.56KB/s > 140KB/s | 数据量: 104.0KB | 总耗时: 3.23s
[2026-06-30 16:16:41] ⚠️ 仅读取 0.2KB 数据: http://hls.nntv.cn/nnlive/YSYL_244.m3u8
[2026-06-30 16:16:41] ✅ 测速成功: http://hls.nntv.cn/nnlive/YSYL_244.m3u8
   速度: 232.42KB/s > 140KB/s | 数据量: 0.2KB | 总耗时: 2.57s
[2026-06-30 16:16:42] ⚠️ 仅读取 0.3KB 数据: http://ali-vl.cztv.com/channels/lantian/channel004/360p.m3u8
[2026-06-30 16:16:42] ✅ 测速成功: http://ali-vl.cztv.com/channels/lantian/channel004/360p.m3u8
   速度: 286.13KB/s > 140KB/s | 数据量: 0.3KB | 总耗时: 0.84s
[2026-06-30 16:16:44] ✅ 测速成功: http://live.metshop.top/huya/21059578?cdn=alicdn
   速度: 999.94KB/s > 140KB/s | 数据量: 104.0KB | 总耗时: 2.16s
[2026-06-30 16:16:46] ✅ 测速成功: http://zjrtv.vip/live/?tbs=mydy
   速度: 211.43KB/s > 140KB/s | 数据量: 104.0KB | 总耗时: 1.93s
[2026-06-30 16:16:47] ✅ 测速成功: https://live.metshop.top/huya/11601966
   速度: 1487.98KB/s > 140KB/s | 数据量: 104.0KB | 总耗时: 1.40s
[2026-06-30 16:16:49] ⚠️ 仅读取 0.8KB 数据: https://ls.qingting.fm/live/4972/64k.m3u8
[2026-06-30 16:16:49] ✅ 测速成功: https://ls.qingting.fm/live/4972/64k.m3u8
   速度: 770.51KB/s > 140KB/s | 数据量: 0.8KB | 总耗时: 1.51s
[2026-06-30 16:16:50] ⚠️ 仅读取 0.2KB 数据: https://test1.live.sdetv.com.cn/live/dianshizhibo/playlist.m3u8
[2026-06-30 16:16:50] ✅ 测速成功: https://test1.live.sdetv.com.cn/live/dianshizhibo/playlist.m3u8
   速度: 207.03KB/s > 140KB/s | 数据量: 0.2KB | 总耗时: 1.44s
[2026-06-30 16:16:52] ⚠️ 仅读取 0.5KB 数据: http://live.qthnews.org.cn:1935/live/live1/800k/tzwj_video.m3u8
[2026-06-30 16:16:52] ⚠️ 速度不足: http://live.qthnews.org.cn:1935/live/live1/800k/tzwj_video.m3u8
   速度: 2.09KB/s <= 140KB/s | 数据量: 0.5KB | 总耗时: 1.72s
[2026-06-30 16:16:53] ⚠️ 仅读取 0.2KB 数据: http://60.222.246.220:19433/hls1.m3u8
[2026-06-30 16:16:53] ⚠️ 速度不足: http://60.222.246.220:19433/hls1.m3u8
   速度: 0.83KB/s <= 140KB/s | 数据量: 0.2KB | 总耗时: 0.69s
[2026-06-30 16:16:53] ⚠️ 仅读取 0.8KB 数据: http://ls.qingting.fm/live/4885.m3u8
[2026-06-30 16:16:53] ✅ 测速成功: http://ls.qingting.fm/live/4885.m3u8
   速度: 778.32KB/s > 140KB/s | 数据量: 0.8KB | 总耗时: 0.54s
[2026-06-30 16:16:54] ⚠️ 仅读取 0.3KB 数据: https://satellitepull.cnr.cn/live/wx32dycjgb/playlist.m3u8
[2026-06-30 16:16:54] ✅ 测速成功: https://satellitepull.cnr.cn/live/wx32dycjgb/playlist.m3u8
   速度: 314.45KB/s > 140KB/s | 数据量: 0.3KB | 总耗时: 0.57s
[2026-06-30 16:16:55] ⚠️ 仅读取 0.1KB 数据: http://stream3.jlntv.cn:80/aac_dfgb/playlist.m3u8
[2026-06-30 16:16:55] ⚠️ 速度不足: http://stream3.jlntv.cn:80/aac_dfgb/playlist.m3u8
   速度: 90.82KB/s <= 140KB/s | 数据量: 0.1KB | 总耗时: 1.05s
[2026-06-30 16:16:57] ⚠️ 仅读取 0.4KB 数据: https://stream.sun0769.com/dgrtv1/mp4tv1_800/index.m3u8
[2026-06-30 16:16:57] ✅ 测速成功: https://stream.sun0769.com/dgrtv1/mp4tv1_800/index.m3u8
   速度: 369.14KB/s > 140KB/s | 数据量: 0.4KB | 总耗时: 1.93s
[2026-06-30 16:16:57] ⚠️ 仅读取 0.3KB 数据: http://175.155.106.72:89/live1/live1.m3u8
[2026-06-30 16:16:57] ✅ 测速成功: http://175.155.106.72:89/live1/live1.m3u8
   速度: 260.74KB/s > 140KB/s | 数据量: 0.3KB | 总耗时: 0.46s
[2026-06-30 16:16:58] ⚠️ 仅读取 0.4KB 数据: http://stream10.jlntv.cn/jiutaitv/sd/live.m3u8
[2026-06-30 16:16:58] ✅ 测速成功: http://stream10.jlntv.cn/jiutaitv/sd/live.m3u8
   速度: 375.00KB/s > 140KB/s | 数据量: 0.4KB | 总耗时: 0.91s
[2026-06-30 16:17:00] ⚠️ 仅读取 0.3KB 数据: https://hwapi.yntv.net/62hdvf/q9vs1b.m3u8
[2026-06-30 16:17:00] ✅ 测速成功: https://hwapi.yntv.net/62hdvf/q9vs1b.m3u8
   速度: 266.60KB/s > 140KB/s | 数据量: 0.3KB | 总耗时: 1.78s
[2026-06-30 16:17:02] ⚠️ 仅读取 0.2KB 数据: https://live.zzyxxw.com:2443/live/xwzh.m3u8
[2026-06-30 16:17:02] ✅ 测速成功: https://live.zzyxxw.com:2443/live/xwzh.m3u8
   速度: 239.26KB/s > 140KB/s | 数据量: 0.2KB | 总耗时: 1.83s
[2026-06-30 16:17:03] ⚠️ 仅读取 0.2KB 数据: http://live.zzyxxw.com:85/live/xwzh.m3u8
[2026-06-30 16:17:03] ⚠️ 速度不足: http://live.zzyxxw.com:85/live/xwzh.m3u8
   速度: 0.93KB/s <= 140KB/s | 数据量: 0.2KB | 总耗时: 0.79s
[2026-06-30 16:17:05] ⚠️ 仅读取 0.3KB 数据: http://tvfile.jyrmt.cn/nmip-media/channellive/channel104452/playlist.m3u8
[2026-06-30 16:17:05] ✅ 测速成功: http://tvfile.jyrmt.cn/nmip-media/channellive/channel104452/playlist.m3u8
   速度: 259.77KB/s > 140KB/s | 数据量: 0.3KB | 总耗时: 2.57s
[2026-06-30 16:17:06] ⚠️ 仅读取 0.2KB 数据: http://zbbf2.ahbztv.com/live/418.m3u8
[2026-06-30 16:17:06] ✅ 测速成功: http://zbbf2.ahbztv.com/live/418.m3u8
   速度: 241.21KB/s > 140KB/s | 数据量: 0.2KB | 总耗时: 1.30s
[2026-06-30 16:17:09] ⚠️ 仅读取 0.8KB 数据: https://play.scrstv.com.cn/DT/live.m3u8?auth_key=60001724663204-0-0-c1cc4ded9841ac34f63cdbd3aec647ef
[2026-06-30 16:17:09] ✅ 测速成功: https://play.scrstv.com.cn/DT/live.m3u8?auth_key=60001724663204-0-0-c1cc4ded9841ac34f63cdbd3aec647ef
   速度: 761.72KB/s > 140KB/s | 数据量: 0.8KB | 总耗时: 2.33s
[2026-06-30 16:17:13] ⚠️ 仅读取 0.5KB 数据: https://jwcdnqx.hebyun.com.cn/live/rqtv1/1500k/tzwj_video.m3u8
[2026-06-30 16:17:13] ✅ 测速成功: https://jwcdnqx.hebyun.com.cn/live/rqtv1/1500k/tzwj_video.m3u8
   速度: 500.00KB/s > 140KB/s | 数据量: 0.5KB | 总耗时: 4.04s
[2026-06-30 16:17:14] ⚠️ 仅读取 0.1KB 数据: http://110.153.180.106:55555/out_3/index.m3u8
[2026-06-30 16:17:14] ⚠️ 速度不足: http://110.153.180.106:55555/out_3/index.m3u8
   速度: 79.10KB/s <= 140KB/s | 数据量: 0.1KB | 总耗时: 1.69s
[2026-06-30 16:17:15] ⚠️ 仅读取 0.3KB 数据: https://l.cztvcloud.com/channels/lantian/SXyuyao3/720p.m3u8
[2026-06-30 16:17:15] ✅ 测速成功: https://l.cztvcloud.com/channels/lantian/SXyuyao3/720p.m3u8
   速度: 292.97KB/s > 140KB/s | 数据量: 0.3KB | 总耗时: 0.93s
[2026-06-30 16:17:17] ⚠️ 仅读取 0.3KB 数据: http://liveout.btzx.com.cn/62ds9e/4nxdih.m3u8?fbl=
[2026-06-30 16:17:17] ✅ 测速成功: http://liveout.btzx.com.cn/62ds9e/4nxdih.m3u8?fbl=
   速度: 265.62KB/s > 140KB/s | 数据量: 0.3KB | 总耗时: 1.62s
[2026-06-30 16:17:19] ⚠️ 仅读取 0.3KB 数据: https://m3u8.channel.dzsm.com/nmip-media/channellive/channel105549/playlist.m3u8
[2026-06-30 16:17:19] ✅ 测速成功: https://m3u8.channel.dzsm.com/nmip-media/channellive/channel105549/playlist.m3u8
   速度: 271.48KB/s > 140KB/s | 数据量: 0.3KB | 总耗时: 1.58s
[2026-06-30 16:17:19] ⚠️ 仅读取 0.6KB 数据: http://nklive.nbs.cn/hls/75b3c462-b831-4de7-a34b-5d3221db2069/index.m3u8
[2026-06-30 16:17:19] ✅ 测速成功: http://nklive.nbs.cn/hls/75b3c462-b831-4de7-a34b-5d3221db2069/index.m3u8
   速度: 559.57KB/s > 140KB/s | 数据量: 0.6KB | 总耗时: 0.78s
[2026-06-30 16:17:21] ⚠️ 仅读取 0.3KB 数据: http://tencentplay.gztv.com/live/nanguodushi.m3u8?txSecret=140110ae3d6c936a77f94c4f4d85b0d3&txTime=18d57929bd4
[2026-06-30 16:17:21] ✅ 测速成功: http://tencentplay.gztv.com/live/nanguodushi.m3u8?txSecret=140110ae3d6c936a77f94c4f4d85b0d3&txTime=18d57929bd4
   速度: 300.78KB/s > 140KB/s | 数据量: 0.3KB | 总耗时: 1.69s
[2026-06-30 16:17:23] ⚠️ 仅读取 0.3KB 数据: http://615bbf179ba53515dccad7b1da5d1ad9.livehwc3.cn/hls.nntv.cn/nnlive/WLSH_24.m3u8?sub_m3u8=true&edge_slice=true&user_session_id=2598844eaee8a4265e706fc14b3fc11d
[2026-06-30 16:17:23] ✅ 测速成功: http://615bbf179ba53515dccad7b1da5d1ad9.livehwc3.cn/hls.nntv.cn/nnlive/WLSH_24.m3u8?sub_m3u8=true&edge_slice=true&user_session_id=2598844eaee8a4265e706fc14b3fc11d
   速度: 272.46KB/s > 140KB/s | 数据量: 0.3KB | 总耗时: 1.92s
[2026-06-30 16:17:24] ⚠️ 仅读取 0.3KB 数据: http://pili-live-hls.ybcxjd.com/jdh-live/2108111201035597.m3u8?zsicd
[2026-06-30 16:17:24] ✅ 测速成功: http://pili-live-hls.ybcxjd.com/jdh-live/2108111201035597.m3u8?zsicd
   速度: 259.77KB/s > 140KB/s | 数据量: 0.3KB | 总耗时: 0.86s
[2026-06-30 16:17:27] ⚠️ 仅读取 0.2KB 数据: https://l2fpdktp.live.sxmty.com/live/hls/e4c3b363cc4549788e2d983f403e07db/d99ce1eb686e41b9afc888110bd95aa7.m3u8?zshanxd
[2026-06-30 16:17:27] ✅ 测速成功: https://l2fpdktp.live.sxmty.com/live/hls/e4c3b363cc4549788e2d983f403e07db/d99ce1eb686e41b9afc888110bd95aa7.m3u8?zshanxd
   速度: 160.16KB/s > 140KB/s | 数据量: 0.2KB | 总耗时: 2.81s
[2026-06-30 16:17:28] ⚠️ 仅读取 0.2KB 数据: http://jrlive.jrntv.com/live/_definst_/dangjians/playlist.m3u8?%E5%85%B3%E6%B3%A8%E5%BE%AE%E4%BF%A1%E5%85%AC%E4%BC%97%E5%8F%B7[%E6%99%B4%E5%9B%AD]
[2026-06-30 16:17:28] ⚠️ 速度不足: http://jrlive.jrntv.com/live/_definst_/dangjians/playlist.m3u8?%E5%85%B3%E6%B3%A8%E5%BE%AE%E4%BF%A1%E5%85%AC%E4%BC%97%E5%8F%B7[%E6%99%B4%E5%9B%AD]
   速度: 12.98KB/s <= 140KB/s | 数据量: 0.2KB | 总耗时: 1.36s
[2026-06-30 16:17:33] ⚠️ 仅读取 0.3KB 数据: http://file.loulannews.cn/nmip-media/channellive/channel103824/playlist.m3u8
[2026-06-30 16:17:33] ✅ 测速成功: http://file.loulannews.cn/nmip-media/channellive/channel103824/playlist.m3u8
   速度: 271.48KB/s > 140KB/s | 数据量: 0.3KB | 总耗时: 4.74s
[2026-06-30 16:17:42] ⚠️ 仅读取 0.3KB 数据: https://m3u8channel-bx.yunxya.com/nmip-media/channellive/channel104666/playlist.m3u8
[2026-06-30 16:17:42] ✅ 测速成功: https://m3u8channel-bx.yunxya.com/nmip-media/channellive/channel104666/playlist.m3u8
   速度: 271.48KB/s > 140KB/s | 数据量: 0.3KB | 总耗时: 8.91s
[2026-06-30 16:17:43] ⚠️ 仅读取 0.4KB 数据: https://stream.hrbtv.net/ylpd/sd/live.m3u8
[2026-06-30 16:17:43] ✅ 测速成功: https://stream.hrbtv.net/ylpd/sd/live.m3u8
   速度: 370.12KB/s > 140KB/s | 数据量: 0.4KB | 总耗时: 1.20s
[2026-06-30 16:17:43] ⚠️ 仅读取 0.4KB 数据: http://stream.hrbtv.net/xwzh/sd/live.m3u8?zheild
[2026-06-30 16:17:43] ✅ 测速成功: http://stream.hrbtv.net/xwzh/sd/live.m3u8?zheild
   速度: 355.47KB/s > 140KB/s | 数据量: 0.4KB | 总耗时: 0.59s
[2026-06-30 16:17:44] ⚠️ 仅读取 0.2KB 数据: http://111.43.126.240:9003/hls/3/index.m3u8
[2026-06-30 16:17:44] ✅ 测速成功: http://111.43.126.240:9003/hls/3/index.m3u8
   速度: 161.13KB/s > 140KB/s | 数据量: 0.2KB | 总耗时: 0.51s
[2026-06-30 16:17:47] ⚠️ 仅读取 0.2KB 数据: http://play.kankanlive.com/live/1720583434627241.m3u8
[2026-06-30 16:17:47] ✅ 测速成功: http://play.kankanlive.com/live/1720583434627241.m3u8
   速度: 249.02KB/s > 140KB/s | 数据量: 0.2KB | 总耗时: 2.70s
[2026-06-30 16:17:49] ⚠️ 仅读取 0.2KB 数据: http://182.150.115.21:8030/pcgacg/pcgacg_0.m3u8
[2026-06-30 16:17:49] ⚠️ 速度不足: http://182.150.115.21:8030/pcgacg/pcgacg_0.m3u8
   速度: 0.70KB/s <= 140KB/s | 数据量: 0.2KB | 总耗时: 1.85s
[2026-06-30 16:17:51] ⚠️ 仅读取 0.1KB 数据: http://live.daningtv.com/aac_dngb/playlist.m3u8
[2026-06-30 16:17:51] ⚠️ 速度不足: http://live.daningtv.com/aac_dngb/playlist.m3u8
   速度: 67.38KB/s <= 140KB/s | 数据量: 0.1KB | 总耗时: 2.52s
[2026-06-30 16:17:53] ⚠️ 仅读取 0.7KB 数据: https://p2.vzan.com/slowlive/596867413819827251/live.m3u8?zbid=1725814272&amp;amp;tpid=1516989100&amp;amp;type=0
[2026-06-30 16:17:53] ✅ 测速成功: https://p2.vzan.com/slowlive/596867413819827251/live.m3u8?zbid=1725814272&amp;amp;tpid=1516989100&amp;amp;type=0
   速度: 685.55KB/s > 140KB/s | 数据量: 0.7KB | 总耗时: 1.49s
[2026-06-30 16:17:56] ❌ 测速失败: http://tvfile.jjrm.org.cn/nmip-media/channellive/channel106282/playlist.m3u8?zsicd
   错误: HTTPConnectionPool(host='tvfile.jjrm.org.cn', port=80): Max retries exceeded with url: /nmip-media/channellive/channel106282/playlist.m3u8?zsicd (Caused by ConnectTimeoutError(<HTTPConnection(host='tvfile.jjrm.org.cn', port=80) at 0x7fadeea98820>, 'Connection to tvfile.jjrm.org.cn timed out. (connect timeout=3.05)')) | 域名: tvfile.jjrm.org.cn:80
[2026-06-30 16:17:57] ⚠️ 仅读取 0.2KB 数据: http://dspdhls.appcoo.com:8888/live/dspd/index.m3u8
[2026-06-30 16:17:57] ✅ 测速成功: http://dspdhls.appcoo.com:8888/live/dspd/index.m3u8
   速度: 155.27KB/s > 140KB/s | 数据量: 0.2KB | 总耗时: 0.69s
[2026-06-30 16:18:01] ⚠️ 仅读取 0.6KB 数据: http://lbyzztfe.live.sxmty.com/live/hls/645ff4c60e0a49f0a203abbd73dd8be9/0720e665f10f48e98c9639f4f492fb4a-1.m3u8?zshanxd
[2026-06-30 16:18:01] ✅ 测速成功: http://lbyzztfe.live.sxmty.com/live/hls/645ff4c60e0a49f0a203abbd73dd8be9/0720e665f10f48e98c9639f4f492fb4a-1.m3u8?zshanxd
   速度: 557.62KB/s > 140KB/s | 数据量: 0.6KB | 总耗时: 3.77s
[2026-06-30 16:18:01] ⚠️ 仅读取 0.3KB 数据: http://yixing-tv-ori-hls.jstv.com/yixing-tv-ori/yixing_xw.m3u8
[2026-06-30 16:18:01] ✅ 测速成功: http://yixing-tv-ori-hls.jstv.com/yixing-tv-ori/yixing_xw.m3u8
   速度: 257.81KB/s > 140KB/s | 数据量: 0.3KB | 总耗时: 0.78s
[2026-06-30 16:18:02] ⚠️ 仅读取 1.0KB 数据: http://play-sh13.quklive.com/live/1690167908295069.m3u8?auth_key=2027466211-f190eec410c24473825cbe1d8541e545-0-f21db57ae1b534802c1cf7be86cc3aef
[2026-06-30 16:18:02] ✅ 测速成功: http://play-sh13.quklive.com/live/1690167908295069.m3u8?auth_key=2027466211-f190eec410c24473825cbe1d8541e545-0-f21db57ae1b534802c1cf7be86cc3aef
   速度: 1013.67KB/s > 140KB/s | 数据量: 1.0KB | 总耗时: 0.66s
[2026-06-30 16:18:04] ⚠️ 仅读取 0.5KB 数据: https://tntgjhjb.live.sxmty.com/live/hls/3a4585ac11ec4e1bb07b419101b370c3/baf63e2b313440c2a25d7859f9b73b05-1.m3u8?zshanxd
[2026-06-30 16:18:04] ✅ 测速成功: https://tntgjhjb.live.sxmty.com/live/hls/3a4585ac11ec4e1bb07b419101b370c3/baf63e2b313440c2a25d7859f9b73b05-1.m3u8?zshanxd
   速度: 542.97KB/s > 140KB/s | 数据量: 0.5KB | 总耗时: 2.06s
[2026-06-30 16:18:10] ⚠️ 仅读取 0.3KB 数据: http://live1.gatv.com.cn:85/live/GGPD_ggpdzm.m3u8
[2026-06-30 16:18:10] ⚠️ 速度不足: http://live1.gatv.com.cn:85/live/GGPD_ggpdzm.m3u8
   速度: 1.11KB/s <= 140KB/s | 数据量: 0.3KB | 总耗时: 5.55s
[2026-06-30 16:18:11] ⚠️ 仅读取 0.3KB 数据: https://live.gdtv.ah.cn/live/newsTV.m3u8
[2026-06-30 16:18:11] ✅ 测速成功: https://live.gdtv.ah.cn/live/newsTV.m3u8
   速度: 333.98KB/s > 140KB/s | 数据量: 0.3KB | 总耗时: 1.81s
[2026-06-30 16:18:12] ⚠️ 仅读取 0.2KB 数据: https://hlscdn.liangtv.cn/live/0234c48e0bc24fe1b41b9999a253e581/1075ee38e04f490690f6a36a16e09c79.m3u8
[2026-06-30 16:18:12] ✅ 测速成功: https://hlscdn.liangtv.cn/live/0234c48e0bc24fe1b41b9999a253e581/1075ee38e04f490690f6a36a16e09c79.m3u8
   速度: 179.69KB/s > 140KB/s | 数据量: 0.2KB | 总耗时: 1.03s
[2026-06-30 16:18:16] ⚠️ 仅读取 0.1KB 数据: http://stream5.jlntv.cn/wq/playlist.m3u8
[2026-06-30 16:18:16] ⚠️ 速度不足: http://stream5.jlntv.cn/wq/playlist.m3u8
   速度: 91.80KB/s <= 140KB/s | 数据量: 0.1KB | 总耗时: 3.50s
[2026-06-30 16:18:21] ⚠️ 仅读取 0.2KB 数据: https://play.kankanlive.com/live/1720583434627241.m3u8
[2026-06-30 16:18:21] ✅ 测速成功: https://play.kankanlive.com/live/1720583434627241.m3u8
   速度: 250.00KB/s > 140KB/s | 数据量: 0.2KB | 总耗时: 5.02s
[2026-06-30 16:18:22] ⚠️ 仅读取 0.4KB 数据: http://stream11.jlntv.cn/dehuitv/sd/live.m3u8
[2026-06-30 16:18:22] ✅ 测速成功: http://stream11.jlntv.cn/dehuitv/sd/live.m3u8
   速度: 370.12KB/s > 140KB/s | 数据量: 0.4KB | 总耗时: 1.19s
[2026-06-30 16:18:23] ⚠️ 仅读取 0.1KB 数据: http://stream8.jlntv.cn/dhtv/playlist.m3u8
[2026-06-30 16:18:23] ⚠️ 速度不足: http://stream8.jlntv.cn/dhtv/playlist.m3u8
   速度: 91.80KB/s <= 140KB/s | 数据量: 0.1KB | 总耗时: 0.99s
[2026-06-30 16:18:24] ⚠️ 仅读取 0.4KB 数据: http://live.xysrmt.cn/xwzh/sd/live.m3u8?zjiangsd"
[2026-06-30 16:18:24] ✅ 测速成功: http://live.xysrmt.cn/xwzh/sd/live.m3u8?zjiangsd"
   速度: 371.09KB/s > 140KB/s | 数据量: 0.4KB | 总耗时: 1.31s
[2026-06-30 16:18:25] ⚠️ 仅读取 2.0KB 数据: http://tvpull.dxhmt.cn:9081/tv/11329-1.m3u8
[2026-06-30 16:18:25] ✅ 测速成功: http://tvpull.dxhmt.cn:9081/tv/11329-1.m3u8
   速度: 1972.66KB/s > 140KB/s | 数据量: 2.0KB | 总耗时: 0.36s
[2026-06-30 16:18:32] ⚠️ 仅读取 0.3KB 数据: https://m3u8channel.yunxya.com/nmip-media/channellive/channel100028/playlist.m3u8
[2026-06-30 16:18:32] ✅ 测速成功: https://m3u8channel.yunxya.com/nmip-media/channellive/channel100028/playlist.m3u8
   速度: 271.48KB/s > 140KB/s | 数据量: 0.3KB | 总耗时: 7.29s
[2026-06-30 16:18:35] ⚠️ 仅读取 7.6KB 数据: https://stream.thmz.com/wxtv2/playlist.m3u8
[2026-06-30 16:18:35] ✅ 测速成功: https://stream.thmz.com/wxtv2/playlist.m3u8
   速度: 7551.76KB/s > 140KB/s | 数据量: 7.6KB | 总耗时: 2.81s
[2026-06-30 16:18:36] ⚠️ 仅读取 7.6KB 数据: http://stream.thmz.com/wxtv2/sd/live.m3u8?_upt=978cd8731706199708
[2026-06-30 16:18:36] ✅ 测速成功: http://stream.thmz.com/wxtv2/sd/live.m3u8?_upt=978cd8731706199708
   速度: 7551.76KB/s > 140KB/s | 数据量: 7.6KB | 总耗时: 1.29s
[2026-06-30 16:18:37] ⚠️ 仅读取 0.3KB 数据: http://channel.wcrmt.cn:80/nmip-media/channellive/channel105268/playlist.m3u8
[2026-06-30 16:18:37] ✅ 测速成功: http://channel.wcrmt.cn:80/nmip-media/channellive/channel105268/playlist.m3u8
   速度: 265.62KB/s > 140KB/s | 数据量: 0.3KB | 总耗时: 1.07s
[2026-06-30 16:18:39] ⚠️ 仅读取 0.2KB 数据: http://live.spccmc.com:90/live/spxwzh.m3u8?%E5%85%B3%E6%B3%A8%E5%BE%AE%E4%BF%A1%E5%85%AC%E4%BC%97%E5%8F%B7[%E6%99%B4%E5%9B%AD]
[2026-06-30 16:18:39] ⚠️ 速度不足: http://live.spccmc.com:90/live/spxwzh.m3u8?%E5%85%B3%E6%B3%A8%E5%BE%AE%E4%BF%A1%E5%85%AC%E4%BC%97%E5%8F%B7[%E6%99%B4%E5%9B%AD]
   速度: 0.88KB/s <= 140KB/s | 数据量: 0.2KB | 总耗时: 1.89s
[2026-06-30 16:18:40] ⚠️ 仅读取 0.1KB 数据: http://zb.gxlbamc.com:1935/live/lbzh.stream/playlist.m3u8
[2026-06-30 16:18:40] ⚠️ 速度不足: http://zb.gxlbamc.com:1935/live/lbzh.stream/playlist.m3u8
   速度: 0.53KB/s <= 140KB/s | 数据量: 0.1KB | 总耗时: 1.27s
[2026-06-30 16:18:42] ⚠️ 仅读取 0.1KB 数据: http://stream9.jlntv.cn:80/aac_huadiangb/playlist.m3u8
[2026-06-30 16:18:42] ⚠️ 速度不足: http://stream9.jlntv.cn:80/aac_huadiangb/playlist.m3u8
   速度: 89.84KB/s <= 140KB/s | 数据量: 0.1KB | 总耗时: 1.68s
[2026-06-30 16:18:44] ⚠️ 仅读取 0.3KB 数据: https://dxtx.hntv.tv/live/lypd.m3u8?txSecret=10c771842a0be59e8b575d765173ec96&txTime=7B923E0A&wsSecret=41543190cdf375f1c73207222bb96542&wsTime=1769313549
[2026-06-30 16:18:44] ✅ 测速成功: https://dxtx.hntv.tv/live/lypd.m3u8?txSecret=10c771842a0be59e8b575d765173ec96&txTime=7B923E0A&wsSecret=41543190cdf375f1c73207222bb96542&wsTime=1769313549
   速度: 280.27KB/s > 140KB/s | 数据量: 0.3KB | 总耗时: 1.38s
[2026-06-30 16:18:46] ⚠️ 仅读取 0.2KB 数据: http://uzoiczhh.live.sxmty.com/live/hls/0d41f1480c4042d49927858f01fde707/53130407737b417b9a6259b57246bae3.m3u8?zshanxd
[2026-06-30 16:18:46] ✅ 测速成功: http://uzoiczhh.live.sxmty.com/live/hls/0d41f1480c4042d49927858f01fde707/53130407737b417b9a6259b57246bae3.m3u8?zshanxd
   速度: 178.71KB/s > 140KB/s | 数据量: 0.2KB | 总耗时: 2.21s
[2026-06-30 16:18:47] ⚠️ 仅读取 0.3KB 数据: https://live.wjyanghu.com/live/CH1.m3u8
[2026-06-30 16:18:47] ✅ 测速成功: https://live.wjyanghu.com/live/CH1.m3u8
   速度: 263.67KB/s > 140KB/s | 数据量: 0.3KB | 总耗时: 1.64s
[2026-06-30 16:18:49] ⚠️ 仅读取 0.3KB 数据: http://live.wjyanghu.com/live/CH2.m3u8
[2026-06-30 16:18:49] ✅ 测速成功: http://live.wjyanghu.com/live/CH2.m3u8
   速度: 267.58KB/s > 140KB/s | 数据量: 0.3KB | 总耗时: 1.79s
[2026-06-30 16:18:51] ⚠️ 仅读取 0.2KB 数据: http://live.hyxrmt.com:85/live/xwpd.m3u8
[2026-06-30 16:18:51] ⚠️ 速度不足: http://live.hyxrmt.com:85/live/xwpd.m3u8
   速度: 0.98KB/s <= 140KB/s | 数据量: 0.2KB | 总耗时: 1.44s
[2026-06-30 16:18:52] ⚠️ 仅读取 0.2KB 数据: http://live.iwcmt.cn:90/live/zhxw.m3u8
[2026-06-30 16:18:52] ⚠️ 速度不足: http://live.iwcmt.cn:90/live/zhxw.m3u8
   速度: 0.95KB/s <= 140KB/s | 数据量: 0.2KB | 总耗时: 1.36s
[2026-06-30 16:18:54] ⚠️ 仅读取 0.3KB 数据: http://file.ysxtv.cn/cms/videos/nmip-media/channellive/channel4/playlist.m3u8?zsicd
[2026-06-30 16:18:54] ✅ 测速成功: http://file.ysxtv.cn/cms/videos/nmip-media/channellive/channel4/playlist.m3u8?zsicd
   速度: 265.62KB/s > 140KB/s | 数据量: 0.3KB | 总耗时: 1.92s
[2026-06-30 16:18:59] RTMP检测成功: rtmp://tv.mcrm.org.cn:1935/channellive/tv01
[2026-06-30 16:19:02] ⚠️ 仅读取 0.2KB 数据: https://qmmqvzoz.live.sxmty.com/live/hls/f24f8a390c084386a564074c9260100c/be3fdf07606145739ab2c4b80fe0136a.m3u8?zshanxd
[2026-06-30 16:19:02] ✅ 测速成功: https://qmmqvzoz.live.sxmty.com/live/hls/f24f8a390c084386a564074c9260100c/be3fdf07606145739ab2c4b80fe0136a.m3u8?zshanxd
   速度: 179.69KB/s > 140KB/s | 数据量: 0.2KB | 总耗时: 2.46s
[2026-06-30 16:19:02] ⚠️ 仅读取 0.2KB 数据: https://shuyang-tv-hls.cm.jstv.com:443/shuyang-tv/shuyangzh.m3u8
[2026-06-30 16:19:02] ✅ 测速成功: https://shuyang-tv-hls.cm.jstv.com:443/shuyang-tv/shuyangzh.m3u8
   速度: 160.16KB/s > 140KB/s | 数据量: 0.2KB | 总耗时: 0.60s
[2026-06-30 16:19:04] ⚠️ 仅读取 0.3KB 数据: https://radio.pull.hebtv.com/live/hebnczx.m3u8
[2026-06-30 16:19:04] ✅ 测速成功: https://radio.pull.hebtv.com/live/hebnczx.m3u8
   速度: 339.84KB/s > 140KB/s | 数据量: 0.3KB | 总耗时: 2.37s
[2026-06-30 16:19:09] ❌ 测速失败: http://live1.habctv.com/ggpdsl/sd/live.m3u8?zjiangsd
   错误: HTTPConnectionPool(host='live1.habctv.com', port=80): Max retries exceeded with url: /ggpdsl/sd/live.m3u8?zjiangsd (Caused by ConnectTimeoutError(<HTTPConnection(host='live1.habctv.com', port=80) at 0x7fadeea91b50>, 'Connection to live1.habctv.com timed out. (connect timeout=3.05)')) | 域名: live1.habctv.com:80
[2026-06-30 16:19:09] ⚠️ 仅读取 0.0KB 数据: http://3739115337.cloudvdn.com/a.m3u8?domain=siyang-tv-hls.cm.jstv.com&player=nwEAAKHdjSKP_58X&secondToken=secondToken%3A5FUijZmDyNMxtCDdne0YzSAwjuw&streamid=siyang-tv%3Asiyang-tv%2Fsiyangzh&v3=1
[2026-06-30 16:19:09] ⚠️ 速度不足: http://3739115337.cloudvdn.com/a.m3u8?domain=siyang-tv-hls.cm.jstv.com&player=nwEAAKHdjSKP_58X&secondToken=secondToken%3A5FUijZmDyNMxtCDdne0YzSAwjuw&streamid=siyang-tv%3Asiyang-tv%2Fsiyangzh&v3=1
   速度: 37.11KB/s <= 140KB/s | 数据量: 0.0KB | 总耗时: 0.64s
[2026-06-30 16:19:16] ⚠️ 仅读取 0.3KB 数据: https://m3u8channel.ganzitv.com/nmip-media/channellive/channel1/playlist.m3u8
[2026-06-30 16:19:16] ✅ 测速成功: https://m3u8channel.ganzitv.com/nmip-media/channellive/channel1/playlist.m3u8
   速度: 271.48KB/s > 140KB/s | 数据量: 0.3KB | 总耗时: 6.70s
[2026-06-30 16:19:20] ❌ 测速失败: http://lxfile.lxxcb.cn/nmip-media/channellive/channel103799/playlist.m3u8
   错误: HTTPConnectionPool(host='lxfile.lxxcb.cn', port=80): Max retries exceeded with url: /nmip-media/channellive/channel103799/playlist.m3u8 (Caused by NewConnectionError("HTTPConnection(host='lxfile.lxxcb.cn', port=80): Failed to establish a new connection: [Errno 101] Network is unreachable")) | 域名: lxfile.lxxcb.cn:80
[2026-06-30 16:19:23] ⚠️ 仅读取 0.3KB 数据: http://play.jinnantv.top/live/JNTV1.m3u8?ztianjd
[2026-06-30 16:19:23] ✅ 测速成功: http://play.jinnantv.top/live/JNTV1.m3u8?ztianjd
   速度: 250.98KB/s > 140KB/s | 数据量: 0.3KB | 总耗时: 3.52s
[2026-06-30 16:19:25] ⚠️ 仅读取 0.7KB 数据: https://p2hs.vzan.com/slowlive/317913155078575177/live.m3u8
[2026-06-30 16:19:25] ✅ 测速成功: https://p2hs.vzan.com/slowlive/317913155078575177/live.m3u8
   速度: 689.45KB/s > 140KB/s | 数据量: 0.7KB | 总耗时: 1.58s
[2026-06-30 16:19:25] ⚠️ 仅读取 0.2KB 数据: https://lianshui-tv-hls.cm.jstv.com:443/lianshui-tv/lsxw.m3u8
[2026-06-30 16:19:25] ✅ 测速成功: https://lianshui-tv-hls.cm.jstv.com:443/lianshui-tv/lsxw.m3u8
   速度: 160.16KB/s > 140KB/s | 数据量: 0.2KB | 总耗时: 0.52s
[2026-06-30 16:19:26] ⚠️ 仅读取 0.2KB 数据: http://lianshui-tv-hls.cm.jstv.com/lianshui-tv/lsxw.m3u8?zjiangsd
[2026-06-30 16:19:26] ✅ 测速成功: http://lianshui-tv-hls.cm.jstv.com/lianshui-tv/lsxw.m3u8?zjiangsd
   速度: 160.16KB/s > 140KB/s | 数据量: 0.2KB | 总耗时: 0.09s
[2026-06-30 16:19:28] ⚠️ 仅读取 0.0KB 数据: https://huaiyin-tv-replay.cm.jstv.com/huaiyin-tv/huaiyinf.m3u8
[2026-06-30 16:19:28] ⚠️ 速度不足: https://huaiyin-tv-replay.cm.jstv.com/huaiyin-tv/huaiyinf.m3u8
   速度: 16.60KB/s <= 140KB/s | 数据量: 0.0KB | 总耗时: 2.31s
[2026-06-30 16:19:29] ⚠️ 仅读取 1.1KB 数据: http://hzcm-live.media.hugd.com/1e6b554b9ab74513958c0e1ffe664d22/9acaa7634309494cb29a85eb12136607.m3u8?auth_key=2272900830-9a2389b8bf4e49d580d4ad807423d326-0-ea78a5c7a678c436263582d368f5009e
[2026-06-30 16:19:29] ✅ 测速成功: http://hzcm-live.media.hugd.com/1e6b554b9ab74513958c0e1ffe664d22/9acaa7634309494cb29a85eb12136607.m3u8?auth_key=2272900830-9a2389b8bf4e49d580d4ad807423d326-0-ea78a5c7a678c436263582d368f5009e
   速度: 1119.14KB/s > 140KB/s | 数据量: 1.1KB | 总耗时: 1.12s
[2026-06-30 16:19:30] ⚠️ 仅读取 0.5KB 数据: http://jwplay.hebyun.com.cn/live/LPTV001/1500k/tzwj_video.m3u8
[2026-06-30 16:19:30] ✅ 测速成功: http://jwplay.hebyun.com.cn/live/LPTV001/1500k/tzwj_video.m3u8
   速度: 513.67KB/s > 140KB/s | 数据量: 0.5KB | 总耗时: 1.42s
[2026-06-30 16:19:31] ⚠️ 仅读取 1.9KB 数据: http://traffic.jbh.tjbh.com/live/bhtv10/playlist.m3u8
[2026-06-30 16:19:31] ✅ 测速成功: http://traffic.jbh.tjbh.com/live/bhtv10/playlist.m3u8
   速度: 1937.50KB/s > 140KB/s | 数据量: 1.9KB | 总耗时: 0.74s
[2026-06-30 16:19:38] ❌ 测速失败: http://live.yantaitv.cn/live/e50f104a4ffe4a41b2217cbda534146f/d86092e69df94668b33390278b061700-1.m3u8
   错误: HTTPConnectionPool(host='live.yantaitv.cn', port=80): Read timed out. (read timeout=5) | 域名: live.yantaitv.cn:80
[2026-06-30 16:19:40] ⚠️ 仅读取 0.2KB 数据: http://218.84.127.245:1026/hls/main1/playlist.m3u8?zxinjd,
[2026-06-30 16:19:40] ✅ 测速成功: http://218.84.127.245:1026/hls/main1/playlist.m3u8?zxinjd,
   速度: 233.40KB/s > 140KB/s | 数据量: 0.2KB | 总耗时: 1.53s
[2026-06-30 16:19:43] ⚠️ 速度不足: http://video.epaper.pybtv.cn:8080/live/rtmp_live_demo.flv
   速度: 93.08KB/s <= 140KB/s | 数据量: 104.0KB | 总耗时: 3.27s
[2026-06-30 16:19:44] ⚠️ 仅读取 0.3KB 数据: https://live-auth.51kandianshi.com/szgd/csztv4k_hd.m3u8
[2026-06-30 16:19:44] ✅ 测速成功: https://live-auth.51kandianshi.com/szgd/csztv4k_hd.m3u8
   速度: 294.92KB/s > 140KB/s | 数据量: 0.3KB | 总耗时: 1.06s
[2026-06-30 16:19:46] ✅ 测速成功: https://live.264788.xyz/channel/fujianxiangcungonggong?streamid=2987cc24bada6a8c25589409a6452d9e&livekey=01WgOR41rriMmMkzNsd0UoaxJRwetZdxIvtVk
   速度: 3955.53KB/s > 140KB/s | 数据量: 104.0KB | 总耗时: 1.97s
[2026-06-30 16:19:48] ⚠️ 仅读取 0.7KB 数据: http://live.shaoxing.com.cn/video/s10001-sxtv2/index.m3u8
[2026-06-30 16:19:48] ✅ 测速成功: http://live.shaoxing.com.cn/video/s10001-sxtv2/index.m3u8
   速度: 681.64KB/s > 140KB/s | 数据量: 0.7KB | 总耗时: 1.77s
[2026-06-30 16:19:53] ⚠️ 仅读取 0.4KB 数据: http://stream.jmtv.com.cn/xwzh/sd/live.m3u8
[2026-06-30 16:19:53] ✅ 测速成功: http://stream.jmtv.com.cn/xwzh/sd/live.m3u8
   速度: 356.45KB/s > 140KB/s | 数据量: 0.4KB | 总耗时: 5.21s
[2026-06-30 16:19:55] ⚠️ 仅读取 0.1KB 数据: https://stream.jmtv.com.cn/xwzh/playlist.m3u8?_upt=3e28e7271664278691
[2026-06-30 16:19:55] ⚠️ 速度不足: https://stream.jmtv.com.cn/xwzh/playlist.m3u8?_upt=3e28e7271664278691
   速度: 68.36KB/s <= 140KB/s | 数据量: 0.1KB | 总耗时: 1.96s
[2026-06-30 16:19:56] ⚠️ 仅读取 0.3KB 数据: https://m3u8channel-yj.yunxya.com/nmip-media/channellive/channel101140/playlist.m3u8
[2026-06-30 16:19:56] ✅ 测速成功: https://m3u8channel-yj.yunxya.com/nmip-media/channellive/channel101140/playlist.m3u8
   速度: 271.48KB/s > 140KB/s | 数据量: 0.3KB | 总耗时: 1.62s
[2026-06-30 16:19:58] ⚠️ 仅读取 0.3KB 数据: https://file.ysxtv.cn/nmip-media/channellive/channel101492/playlist.m3u8
[2026-06-30 16:19:58] ✅ 测速成功: https://file.ysxtv.cn/nmip-media/channellive/channel101492/playlist.m3u8
   速度: 271.48KB/s > 140KB/s | 数据量: 0.3KB | 总耗时: 1.14s
[2026-06-30 16:19:59] ⚠️ 仅读取 0.4KB 数据: https://liveplay-srs.voc.com.cn/hls/tv/183_554704.m3u8
[2026-06-30 16:19:59] ✅ 测速成功: https://liveplay-srs.voc.com.cn/hls/tv/183_554704.m3u8
   速度: 444.34KB/s > 140KB/s | 数据量: 0.4KB | 总耗时: 1.48s
[2026-06-30 16:20:00] ⚠️ 仅读取 0.3KB 数据: https://pili-live-hls-sjxgz2024.sobeylive.com/jxgz2024/396_q_live172526334096251.m3u8
[2026-06-30 16:20:00] ✅ 测速成功: https://pili-live-hls-sjxgz2024.sobeylive.com/jxgz2024/396_q_live172526334096251.m3u8
   速度: 275.39KB/s > 140KB/s | 数据量: 0.3KB | 总耗时: 1.11s
[2026-06-30 16:20:01] ⚠️ 仅读取 0.5KB 数据: https://jwplay.hebyun.com.cn:443/live/xtsrmtzs/1500k/tzwj_video.m3u8
[2026-06-30 16:20:01] ✅ 测速成功: https://jwplay.hebyun.com.cn:443/live/xtsrmtzs/1500k/tzwj_video.m3u8
   速度: 519.53KB/s > 140KB/s | 数据量: 0.5KB | 总耗时: 0.71s
[2026-06-30 16:20:04] ⚠️ 仅读取 0.3KB 数据: https://shcm-stream-cf1.stream.264788.xyz/cms001/ch00000090990000001203/index.m3u8?streamid=fd36352c039198fe0978687774e97e59&streamkey=0WsC3jqv5pZMcRRCygo4VTlOTvi9bTCwlnIuuJUBjnBWTwcjoCuCI96qfPqPDVNZ0aqEUXrCtmdYiA55XouMxl7kXeqYtnnZLSPxmTgKz4J1lElEFPNAHdBzm&token=1775754833-0c24e6f296307991-0-4b1ed6441088c73ad4569aca7aa649a5
[2026-06-30 16:20:04] ✅ 测速成功: https://shcm-stream-cf1.stream.264788.xyz/cms001/ch00000090990000001203/index.m3u8?streamid=fd36352c039198fe0978687774e97e59&streamkey=0WsC3jqv5pZMcRRCygo4VTlOTvi9bTCwlnIuuJUBjnBWTwcjoCuCI96qfPqPDVNZ0aqEUXrCtmdYiA55XouMxl7kXeqYtnnZLSPxmTgKz4J1lElEFPNAHdBzm&token=1775754833-0c24e6f296307991-0-4b1ed6441088c73ad4569aca7aa649a5
   速度: 337.89KB/s > 140KB/s | 数据量: 0.3KB | 总耗时: 2.91s
[2026-06-30 16:20:06] ⚠️ 仅读取 0.2KB 数据: http://live.jinchuanrmt.com:90/live/jcxc.m3u8?zsicd
[2026-06-30 16:20:06] ⚠️ 速度不足: http://live.jinchuanrmt.com:90/live/jcxc.m3u8?zsicd
   速度: 0.67KB/s <= 140KB/s | 数据量: 0.2KB | 总耗时: 2.29s
[2026-06-30 16:20:07] ⚠️ 仅读取 0.1KB 数据: http://183.64.174.171:40123/ch1.m3u8?zzhongqd
[2026-06-30 16:20:07] ⚠️ 速度不足: http://183.64.174.171:40123/ch1.m3u8?zzhongqd
   速度: 0.42KB/s <= 140KB/s | 数据量: 0.1KB | 总耗时: 0.86s
[2026-06-30 16:20:08] ⚠️ 仅读取 0.4KB 数据: http://zjtv-wshls.homecdn.com/live/2aa16.m3u8
[2026-06-30 16:20:08] ✅ 测速成功: http://zjtv-wshls.homecdn.com/live/2aa16.m3u8
   速度: 432.62KB/s > 140KB/s | 数据量: 0.4KB | 总耗时: 0.80s
[2026-06-30 16:20:09] ⚠️ 仅读取 0.4KB 数据: http://cm-wshls.homecdn.com/live/2aa50.m3u8
[2026-06-30 16:20:09] ✅ 测速成功: http://cm-wshls.homecdn.com/live/2aa50.m3u8
   速度: 417.97KB/s > 140KB/s | 数据量: 0.4KB | 总耗时: 1.28s
[2026-06-30 16:20:10] ⚠️ 仅读取 2.1KB 数据: https://www.wxhcgbds.com:8081/channelTv/WXTV_1.m3u8?zshanxd
[2026-06-30 16:20:10] ✅ 测速成功: https://www.wxhcgbds.com:8081/channelTv/WXTV_1.m3u8?zshanxd
   速度: 2119.14KB/s > 140KB/s | 数据量: 2.1KB | 总耗时: 1.37s
[2026-06-30 16:20:12] ⚠️ 仅读取 0.4KB 数据: https://play.yunxya.com/channellive/xinwen.m3u8
[2026-06-30 16:20:12] ✅ 测速成功: https://play.yunxya.com/channellive/xinwen.m3u8
   速度: 363.28KB/s > 140KB/s | 数据量: 0.4KB | 总耗时: 2.11s
[2026-06-30 16:20:13] ⚠️ 仅读取 0.3KB 数据: http://qcfile.qcrmt.com/nmip-media/channellive/channel100933/playlist.m3u8
[2026-06-30 16:20:13] ✅ 测速成功: http://qcfile.qcrmt.com/nmip-media/channellive/channel100933/playlist.m3u8
   速度: 265.62KB/s > 140KB/s | 数据量: 0.3KB | 总耗时: 1.00s
[2026-06-30 16:20:15] ⚠️ 仅读取 0.4KB 数据: http://hslive.hsnewsnet.com/lsdream/hve9Wjs/1000/live.m3u8
[2026-06-30 16:20:15] ✅ 测速成功: http://hslive.hsnewsnet.com/lsdream/hve9Wjs/1000/live.m3u8
   速度: 355.47KB/s > 140KB/s | 数据量: 0.4KB | 总耗时: 1.99s
[2026-06-30 16:20:17] ⚠️ 仅读取 0.4KB 数据: https://english-livetx.cgtn.com/hls/yypdjlctzb_hd.m3u8
[2026-06-30 16:20:17] ✅ 测速成功: https://english-livetx.cgtn.com/hls/yypdjlctzb_hd.m3u8
   速度: 402.34KB/s > 140KB/s | 数据量: 0.4KB | 总耗时: 1.31s
[2026-06-30 16:20:18] ⚠️ 仅读取 7.6KB 数据: http://newcntv.qcloudcdn.com/asp/hls/4000/0303000a/3/default/2bdfdad540b342f592f9817cb7f3b79a/4000.m3u8
[2026-06-30 16:20:18] ✅ 测速成功: http://newcntv.qcloudcdn.com/asp/hls/4000/0303000a/3/default/2bdfdad540b342f592f9817cb7f3b79a/4000.m3u8
   速度: 7620.12KB/s > 140KB/s | 数据量: 7.6KB | 总耗时: 1.23s
[2026-06-30 16:20:20] ⚠️ 仅读取 0.3KB 数据: https://liveout.btzx.com.cn/62ds9e/6o77s4.m3u8?zxinjd
[2026-06-30 16:20:20] ✅ 测速成功: https://liveout.btzx.com.cn/62ds9e/6o77s4.m3u8?zxinjd
   速度: 265.62KB/s > 140KB/s | 数据量: 0.3KB | 总耗时: 1.95s
[2026-06-30 16:20:21] ⚠️ 仅读取 0.4KB 数据: http://222.179.155.21:1935/ch1.m3u8?zzhongqd
[2026-06-30 16:20:21] ✅ 测速成功: http://222.179.155.21:1935/ch1.m3u8?zzhongqd
   速度: 404.30KB/s > 140KB/s | 数据量: 0.4KB | 总耗时: 0.56s
[2026-06-30 16:20:23] ⚠️ 仅读取 5.4KB 数据: https://hls.cntv.lxdns.com/asp/hls/2000/0303000a/3/default/f0a47e155d32450daa1d36a04fd7d262/2000.m3u8
[2026-06-30 16:20:23] ✅ 测速成功: https://hls.cntv.lxdns.com/asp/hls/2000/0303000a/3/default/f0a47e155d32450daa1d36a04fd7d262/2000.m3u8
   速度: 5388.67KB/s > 140KB/s | 数据量: 5.4KB | 总耗时: 2.33s
[2026-06-30 16:20:24] ⚠️ 仅读取 5.7KB 数据: https://newcntv.qcloudcdn.com/asp/hls/2000/0303000a/3/default/d2454bbb542d4613a9db478dab2addfd/2000.m3u8
[2026-06-30 16:20:24] ✅ 测速成功: https://newcntv.qcloudcdn.com/asp/hls/2000/0303000a/3/default/d2454bbb542d4613a9db478dab2addfd/2000.m3u8
   速度: 5678.71KB/s > 140KB/s | 数据量: 5.7KB | 总耗时: 1.11s
[2026-06-30 16:20:27] ✅ 测速成功: https://www.goodiptv.club/douyu/5907076
   速度: 475.94KB/s > 140KB/s | 数据量: 104.0KB | 总耗时: 3.40s
[2026-06-30 16:20:28] ⚠️ 仅读取 0.7KB 数据: https://AMChls.wns.live/hls/stream.m3u8
[2026-06-30 16:20:28] ✅ 测速成功: https://AMChls.wns.live/hls/stream.m3u8
   速度: 701.17KB/s > 140KB/s | 数据量: 0.7KB | 总耗时: 0.34s
[2026-06-30 16:20:28] ⚠️ 仅读取 0.3KB 数据: http://61.221.215.25:8800/hls/49/index.m3u8
[2026-06-30 16:20:28] ✅ 测速成功: http://61.221.215.25:8800/hls/49/index.m3u8
   速度: 252.93KB/s > 140KB/s | 数据量: 0.3KB | 总耗时: 0.40s
[2026-06-30 16:20:29] ⚠️ 仅读取 0.3KB 数据: https://gcalic.v.myalicdn.com/gc/ztd_1/index.m3u8
[2026-06-30 16:20:29] ✅ 测速成功: https://gcalic.v.myalicdn.com/gc/ztd_1/index.m3u8
   速度: 304.69KB/s > 140KB/s | 数据量: 0.3KB | 总耗时: 1.23s
[2026-06-30 16:20:31] ⚠️ 仅读取 0.1KB 数据: http://gctxyc.liveplay.myqcloud.com/gc/xjtcdhsz_1/index.m3u8
[2026-06-30 16:20:31] ⚠️ 速度不足: http://gctxyc.liveplay.myqcloud.com/gc/xjtcdhsz_1/index.m3u8
   速度: 99.61KB/s <= 140KB/s | 数据量: 0.1KB | 总耗时: 2.16s
[2026-06-30 16:20:33] ⚠️ 仅读取 0.1KB 数据: http://43.156.8.127:5050/ysp?id=2024078201&pid=600001859&q=fhd
[2026-06-30 16:20:33] ⚠️ 速度不足: http://43.156.8.127:5050/ysp?id=2024078201&pid=600001859&q=fhd
   速度: 65.43KB/s <= 140KB/s | 数据量: 0.1KB | 总耗时: 1.34s
