测速日志 2025-08-10 09:27:41
[2025-08-10 09:27:46] ✅ 测速成功: https://mursor.ottiptv.cc/migu/631780421.m3u8?migutoken=9b8c3a802ec7251ebf4782e39511a09dde94371bbe6349caa2c74a4747abfe18ca61ed2f951237f3c9f4efd2c74b9ea804e8b9432a147126b1588ecd4b36c27ab466d97159b7ced738e040dfb4
   速度: 652.34KB/s | 数据量: 0.7KB | 总耗时: 4.02s
[2025-08-10 09:27:46] ✅ 测速成功: https://mursor.ottiptv.cc/migu/673168140.m3u8?migutoken=57396c845b0b9faf9c5c33e17e99f387e29a0c58667c7e2388c6a4820c3438442f55b4775240e2463bd29671e2bb3aa7161d453acbce19c255430095210986085b93b6debaead35701cce62fc9
   速度: 652.34KB/s | 数据量: 0.7KB | 总耗时: 4.03s
[2025-08-10 09:27:46] ✅ 测速成功: https://mursor.ottiptv.cc/migu/608807420.m3u8?migutoken=68f08b4eb39263e14c72b3ae07342cc2069229c3ba88cbbbcb2dd8444fd307601f6dc4b8923e718b5bd9cee71dc52bfebcd5098e534384b153e5bd795481eeb604284ed0f505033e893582266f
   速度: 652.34KB/s | 数据量: 0.7KB | 总耗时: 4.04s
[2025-08-10 09:27:46] ✅ 测速成功: https://mursor.ottiptv.cc/migu/631780532.m3u8?migutoken=ac4e31697c1d6bee4fae5e95aea9bfc41e103c559a5c439415cf57f4b940da5a7e6a7a1b8aecc5e1d3e3149a4b4e2127d28b42ab610e1321c29d9cd6c83c596823842df14fab13d9cea2477175
   速度: 652.34KB/s | 数据量: 0.7KB | 总耗时: 4.04s
[2025-08-10 09:27:46] ✅ 测速成功: https://mursor.ottiptv.cc/migu/673168121.m3u8?migutoken=925bef47b2cda6a60cf4e2629bf11d9023b92aae2b4231cd6b3ad6ef1bf2fff4773ecbc278f6d1054add012839db5246054c1485d4be725e60d560c193c74a2ada52dbbe63aeb7f2b3aa2ec8b6
   速度: 652.34KB/s | 数据量: 0.7KB | 总耗时: 4.04s
[2025-08-10 09:27:46] ✅ 测速成功: https://mursor.ottiptv.cc/migu/641886683.m3u8?migutoken=f2c6c3a50b56ee58320cda85548308761ce3274cf439e095774d28a4f4f937db3807f3e04e547c771d35b3f8be403251d4c08a472b272ef61e1f42dd0c1341c4887dc351e9bd4c73102a287abd
   速度: 652.34KB/s | 数据量: 0.7KB | 总耗时: 4.05s
[2025-08-10 09:27:46] ✅ 测速成功: https://mursor.ottiptv.cc/migu/624878271.m3u8?migutoken=f7fffec034cc521982bcea8c0f30ff933f8ef2481eaeef44849bcbe6957276e1a8cc4432b58a25a4c525f5c87b87b11117cf8371daf4591513f6d8a7b852e7b7ac5a8cdde8d1fbaaa610c74e19
   速度: 652.34KB/s | 数据量: 0.7KB | 总耗时: 4.05s
[2025-08-10 09:27:46] ✅ 测速成功: https://mursor.ottiptv.cc/migu/624878356.m3u8?migutoken=5fa9f1193e33efc8db70ac4505416269a4ba0ed449fa63b9a628107efc499c46938f104d82c1de7536d8a896dceee40502e3ba7fec46e486e30af37611c24e4e68727251977ecbdc04c4dabff6
   速度: 652.34KB/s | 数据量: 0.7KB | 总耗时: 4.05s
[2025-08-10 09:27:46] ✅ 测速成功: https://mursor.ottiptv.cc/migu/641886773.m3u8?migutoken=5dab65c586f3328eaa2a105f9ac285dbeda0cf436fe4f0522c45f155b3dd55b00161a5dcd21c7424197f58933e31452a5682476cfdb7b29977000d840ab16113a3c63d43341e14aa8bcf79b966
   速度: 652.34KB/s | 数据量: 0.7KB | 总耗时: 4.05s
[2025-08-10 09:27:46] ✅ 测速成功: https://mursor.ottiptv.cc/migu/624878396.m3u8?migutoken=2a90124370a0dfc45c18822fbcb06654a13a9d4bda30863249438da4d7147533fc475bc74f1d5a62e45bc1ed84bc9a3f25cbd1fc40c2d8bcdca20fe3125e298b23b80019018b5b47b109829735
   速度: 652.34KB/s | 数据量: 0.7KB | 总耗时: 4.06s
[2025-08-10 09:27:48] ✅ 测速成功: https://mursor.ottiptv.cc/migu/624878440.m3u8?migutoken=2896479092a24cf4ccb6782d493617882f9b9a72249ea1b1a002cde25beee03f10568e1fd998eca87498e59e99a66deea9cc8a5553952830e679e8b44aa1deb267c7d1cb566df655b1a19a0751
   速度: 652.34KB/s | 数据量: 0.7KB | 总耗时: 1.69s
[2025-08-10 09:27:48] ✅ 测速成功: https://mursor.ottiptv.cc/migu/608807416.m3u8?migutoken=5fdfec13c796eb78ac4c18eedc537dce9aa9d6039aced0319a47e2e3a2fbaf209188d2aebb85207cc8fe75c0c3a080252cfff87816493a30f24cefa3722f0daa3a40ecd73a735eaa24f29ed904
   速度: 652.34KB/s | 数据量: 0.7KB | 总耗时: 1.71s
[2025-08-10 09:27:48] ✅ 测速成功: https://mursor.ottiptv.cc/migu/673168185.m3u8?migutoken=65ff00563359e732b69cb2338ea1db0087c08339d06700b20a9a3d3cb34b81a395abdfb0e2303082556dff03ae8e6f307ce2ea83f171127277ba7ebd19370bf2a12134b4f116c8beb9ca12b5fd
   速度: 652.34KB/s | 数据量: 0.7KB | 总耗时: 1.87s
[2025-08-10 09:27:48] ✅ 测速成功: https://mursor.ottiptv.cc/migu/608807419.m3u8?migutoken=ee1f7c8354d6af261e64d900dfcbe209fa1d20532e3d777d6e5c88083ff9698f5868cb5488370a1b23968214cb7ec34783b7018071a6074282260181b429a26391db395a0b9c4e093927d8de50
   速度: 652.34KB/s | 数据量: 0.7KB | 总耗时: 1.86s
[2025-08-10 09:27:48] ✅ 测速成功: https://mursor.ottiptv.cc/migu/673168223.m3u8?migutoken=e9ba0d97425d62ec7a3c844b1118c1ecbf0c0dbf336f2e4111e98d316ecfd6eafdb02b927a70ec5f55aef5512533849f15215fbb8b869d8cd645db2ffa735e6fd6fe288137703d053487de32f1
   速度: 652.34KB/s | 数据量: 0.7KB | 总耗时: 1.86s
[2025-08-10 09:27:48] ✅ 测速成功: https://mursor.ottiptv.cc/migu/673168256.m3u8?migutoken=e18dcc80fad8b5ccf26f774fa9e97b80e746dae1866b2b7f7bb974d51db237052dd42dc92e8ab90610065eaa3b08c99559dd35323dfde62c3b704f823014d6e5991757aa4fc280fe7e901e4e68
   速度: 652.34KB/s | 数据量: 0.7KB | 总耗时: 1.87s
[2025-08-10 09:27:48] ✅ 测速成功: https://mursor.ottiptv.cc/migu/609006487.m3u8?migutoken=53f477bec14126b3efb195925ea998bb760bc6ec16091f899a53bf7bf638c91d535b654e9b512c5d840c1cd8bddc18c87e6c017bbce389fe375574feed9d5ed00c329147d52ee572bf3e4305f6
   速度: 652.34KB/s | 数据量: 0.7KB | 总耗时: 1.93s
[2025-08-10 09:27:48] ✅ 测速成功: https://mursor.ottiptv.cc/migu/667987558.m3u8?migutoken=25c84f314378d17f8358a80d92e470c7cbbb47be898ad88edfdbfeb17e00d0b7b75cd526d7336b7f212641d124b3bf82e549c8a394c0aa5dedfe64188282eb4f262456320a94295269c6da0417
   速度: 652.34KB/s | 数据量: 0.7KB | 总耗时: 2.00s
[2025-08-10 09:27:48] ✅ 测速成功: https://mursor.ottiptv.cc/migu/624878405.m3u8?migutoken=acf253933a5e299df26ac92b1cc688742e7b6a3c149f999b5fd213a8a7b60279b1991270f96ce451644cc53092d579f80367ac51826c7fd2510044600a78fd1eb285135b2f3b693e77cb4a9b96
   速度: 652.34KB/s | 数据量: 0.7KB | 总耗时: 2.01s
[2025-08-10 09:27:48] ✅ 测速成功: https://mursor.ottiptv.cc/migu/608807423.m3u8?migutoken=622e1a22301026c3574757c172ac1554d87b916c25773156062fa2172bb4c8876a9388a67aac0d583acb36f4db308b9d761b5963455c3faf809977583eb7fe0e93e2d6908f19002cbfa7b260d8
   速度: 652.34KB/s | 数据量: 0.7KB | 总耗时: 2.00s
[2025-08-10 09:27:50] ✅ 测速成功: https://mursor.ottiptv.cc/migu/609006450.m3u8?migutoken=7ff9aab5a6def4704ba23044dbe3a8b6d391bfbbf0f2cd4b00968fc8b3fadaa6f8919bb84825e410fa1f54adce8c6f63de5398547e640f6fd41b9a7a4ced0f229b908f650136d58b982ad8befe
   速度: 10605.47KB/s | 数据量: 10.6KB | 总耗时: 1.66s
[2025-08-10 09:27:50] ✅ 测速成功: https://mursor.ottiptv.cc/migu/708869532.m3u8?migutoken=ac96114e797907d694d1a7832be506529f258ed5b1d58c9b59802906ebb0555d501b28d98093f8a1bd53f650650e0b81fb334b0bb91e782e2860844f9d6b5e9e52b436301989c6920b9964072a
   速度: 10605.47KB/s | 数据量: 10.6KB | 总耗时: 1.48s
[2025-08-10 09:27:50] ✅ 测速成功: https://mursor.ottiptv.cc/migu/884121956.m3u8?migutoken=61c388c07e6de656bcbd2f9bb9f0decc0e35a417fd345ddc6b8eed518f9a1667cc028987fe3850503314a607baacd3e7ad624f3a421e3b5983ea02e42609f74a0501394832e51f9eb42ae0b4cd
   速度: 10605.47KB/s | 数据量: 10.6KB | 总耗时: 1.57s
[2025-08-10 09:27:50] ✅ 测速成功: https://mursor.ottiptv.cc/bst/cctv1hd@4000000.m3u8
   速度: 10605.47KB/s | 数据量: 10.6KB | 总耗时: 1.48s
[2025-08-10 09:27:50] ✅ 测速成功: https://mursor.ottiptv.cc/migu/609006476.m3u8?migutoken=dffc9a7aff879bfa630689c3cb115ecc53ac82e6e477f004eb7d2c834e6ba6ddc6d70151048768a52442d8e211cf8b58450741e07f0cf107414bbcd338763b61dc6cc15a8cd8b3963d8b177a74
   速度: 10605.47KB/s | 数据量: 10.6KB | 总耗时: 1.63s
[2025-08-10 09:27:50] ✅ 测速成功: https://mursor.ottiptv.cc/migu/609154345.m3u8?migutoken=6066529058aad7b072676c54d5afb22f5397901abff8a55bd54174008ccfcaadf793b137f2ac89c2889e84c5b2f07eb87d0107199712435f36caee63870de0e6420a9f87184e152febc88d6220
   速度: 10605.47KB/s | 数据量: 10.6KB | 总耗时: 1.84s
[2025-08-10 09:27:50] ✅ 测速成功: https://mursor.ottiptv.cc/migu/624878970.m3u8?migutoken=e7efcf542c88085baf94f341bb9112b153d7001620e8393cfb4d9afb415346031f87ed14276b1e9376adb8d24a6f1346c70633c5a1830397575634e063ae84cb62e00eda04ca75fb6e767d2987
   速度: 10605.47KB/s | 数据量: 10.6KB | 总耗时: 1.67s
[2025-08-10 09:27:50] ✅ 测速成功: https://mursor.ottiptv.cc/bst/cctv2hd8m@8000000.m3u8
   速度: 10605.47KB/s | 数据量: 10.6KB | 总耗时: 1.67s
[2025-08-10 09:27:52] ✅ 测速成功: https://mursor.ottiptv.cc/migu/609006446.m3u8?migutoken=972bbe8c87a80ab415eca48dd86c34f7e022b7f5c7e84acfb9a0f1fd98a9aeccecd22e8d21f88d50d207a54c37c388baf453e3e6f1e1bb16b200ef9128b6d8f98a5a7305d59e0c9a42a4f50b23
   速度: 10605.47KB/s | 数据量: 10.6KB | 总耗时: 3.38s
[2025-08-10 09:27:52] ✅ 测速成功: https://mursor.ottiptv.cc/migu/609017205.m3u8?migutoken=708f266ef316523ec22cc32c1885309418904003529547b42a2cc8b95af24a7cbdb94871fc89e1f396fbf9418284e2e773cdfee94861630ed43eeb26f9149c11491068d2b48664511c48745552
   速度: 10605.47KB/s | 数据量: 10.6KB | 总耗时: 3.41s
[2025-08-10 09:27:52] ✅ 测速成功: https://mursor.ottiptv.cc/bst/cctv5hd@4000000.m3u8
   速度: 10605.47KB/s | 数据量: 10.6KB | 总耗时: 2.37s
[2025-08-10 09:27:52] ✅ 测速成功: https://mursor.ottiptv.cc/bst/cctv4hd4m@4000000.m3u8
   速度: 10605.47KB/s | 数据量: 10.6KB | 总耗时: 2.41s
[2025-08-10 09:27:52] ✅ 测速成功: https://mursor.ottiptv.cc/bst/cctv8hd@4000000.m3u8
   速度: 10605.47KB/s | 数据量: 10.6KB | 总耗时: 2.44s
[2025-08-10 09:27:52] ✅ 测速成功: https://mursor.ottiptv.cc/bst/cctv9hd4mc@4000000.m3u8
   速度: 10605.47KB/s | 数据量: 10.6KB | 总耗时: 2.45s
[2025-08-10 09:27:52] ✅ 测速成功: https://mursor.ottiptv.cc/bst/cctv10hd@4000000.m3u8
   速度: 10605.47KB/s | 数据量: 10.6KB | 总耗时: 2.36s
[2025-08-10 09:27:52] ✅ 测速成功: https://mursor.ottiptv.cc/bst/cctv3hd@4000000.m3u8
   速度: 10605.47KB/s | 数据量: 10.6KB | 总耗时: 2.65s
[2025-08-10 09:27:52] ✅ 测速成功: https://mursor.ottiptv.cc/bst/cctv7hd4m@4000000.m3u8
   速度: 10605.47KB/s | 数据量: 10.6KB | 总耗时: 2.57s
[2025-08-10 09:27:52] ✅ 测速成功: https://mursor.ottiptv.cc/bst/cctv6hd@4000000.m3u8
   速度: 10605.47KB/s | 数据量: 10.6KB | 总耗时: 2.62s
[2025-08-10 09:27:55] ✅ 测速成功: https://mursor.ottiptv.cc/bst/cctv11hd4m@4000000.m3u8
   速度: 10605.47KB/s | 数据量: 10.6KB | 总耗时: 3.61s
[2025-08-10 09:27:55] ✅ 测速成功: https://mursor.ottiptv.cc/bst/cctv12hd4m@4000000.m3u8
   速度: 10605.47KB/s | 数据量: 10.6KB | 总耗时: 3.51s
[2025-08-10 09:27:56] ✅ 测速成功: https://mursor.ottiptv.cc/bst/cctvsehd@4000000.m3u8
   速度: 10605.47KB/s | 数据量: 10.6KB | 总耗时: 3.33s
[2025-08-10 09:27:56] ❌ 测速失败: https://mursor.ottiptv.cc/bst/cctv3hdhai@4000000.m3u8
   错误: HTTPSConnectionPool(host='mursor.ottiptv.cc', port=443): Read timed out. (read timeout=3.05) | 域名: mursor.ottiptv.cc
[2025-08-10 09:27:56] ❌ 测速失败: https://mursor.ottiptv.cc/bst/cctv5hdhai@4000000.m3u8
   错误: HTTPSConnectionPool(host='mursor.ottiptv.cc', port=443): Read timed out. (read timeout=3.05) | 域名: mursor.ottiptv.cc
[2025-08-10 09:27:56] ✅ 测速成功: https://mursor.ottiptv.cc/bst/cctv13hd4m@4000000.m3u8
   速度: 10605.47KB/s | 数据量: 10.6KB | 总耗时: 3.49s
[2025-08-10 09:27:56] ✅ 测速成功: https://mursor.ottiptv.cc/bst/cctvyyhd4m@4000000.m3u8
   速度: 10605.47KB/s | 数据量: 10.6KB | 总耗时: 3.35s
[2025-08-10 09:27:56] ✅ 测速成功: https://mursor.ottiptv.cc/bst/cctv17hd4m@4000000.m3u8
   速度: 10605.47KB/s | 数据量: 10.6KB | 总耗时: 3.60s
[2025-08-10 09:27:56] ✅ 测速成功: https://mursor.ottiptv.cc/bst/cctv5phd@4000000.m3u8
   速度: 10605.47KB/s | 数据量: 10.6KB | 总耗时: 3.62s
[2025-08-10 09:27:57] ✅ 测速成功: https://mursor.ottiptv.cc/migu/651632648.m3u8?migutoken=73f822147549e8cf2f5a4f64ec28f4037b4c2627b5a2e86ed154f687c5082b9f625bc8303bc2cef27d9ef2c34b6eb37aa7d5fc212ce7ad84066241a9a085f60e935b1052080d024af6dae613d3
   速度: 10605.47KB/s | 数据量: 10.6KB | 总耗时: 1.76s
[2025-08-10 09:27:58] ✅ 测速成功: https://mursor.ottiptv.cc/bst/cctv6@1300000.m3u8
   速度: 10605.47KB/s | 数据量: 10.6KB | 总耗时: 2.31s
[2025-08-10 09:27:58] ✅ 测速成功: https://mursor.ottiptv.cc/migu/790187291.m3u8?migutoken=abf3c628d8a70a324b6c207052a90c69edaae07c3e681602def6da4094036bfdd4c9f49ebb3b111cbcf8c6d3fb364a1ac54fd1d825bc089297e996f8561bae873e3375f8e2c683a9e5fbb24662
   速度: 10605.47KB/s | 数据量: 10.6KB | 总耗时: 1.66s
[2025-08-10 09:27:58] ✅ 测速成功: https://mursor.ottiptv.cc/migu/608831231.m3u8?migutoken=a7d73c06c32bab8b1d156b9ce0785de4333b1b460c4dba4a98e0e5038fa3f7ea613d7e36c16777e3315ff2c6cc64572ec8218a00605042220a989428155179115fed958f19a8944222d1a88f6a
   速度: 10605.47KB/s | 数据量: 10.6KB | 总耗时: 2.11s
[2025-08-10 09:27:58] ✅ 测速成功: https://mursor.ottiptv.cc/migu/783847495.m3u8?migutoken=912ff91dd27b4a2e2d09dc2f77d6cceaade60cb1450dde42e248bd79c909ebc2185a634ce7fe40865b172269fb4ad1dc1ae33c986eb06557d46603c7421d721e584db7c03f4c91bd560aaa51a6
   速度: 10605.47KB/s | 数据量: 10.6KB | 总耗时: 2.20s
[2025-08-10 09:27:58] ✅ 测速成功: https://mursor.ottiptv.cc/bst/cctvnews@2500000.m3u8
   速度: 10605.47KB/s | 数据量: 10.6KB | 总耗时: 2.93s
[2025-08-10 09:27:59] ✅ 测速成功: https://mursor.ottiptv.cc/migu/849116810.m3u8?migutoken=6d5462d4876115dd06d34f56c56c57f17fece2453846c8cbe9c2ea8ee69d25576298956f9081ed73346612bffcceec93a0e90471d158d8d62331ac7f183fcaa6a438ddb022a464f2ddd973e2cc
   速度: 1392.58KB/s | 数据量: 1.4KB | 总耗时: 0.65s
[2025-08-10 09:27:59] ✅ 测速成功: https://mursor.ottiptv.cc/migu/623899368.m3u8?migutoken=e5fda365424d4a5f1b15cbd48dd6dc20beb20a2d370bf25e924d6e893f92407473fd0e1b034cb2fdb07775ca0028487ed5d38f432bea9997e70067e37e4fa8e3710aa9a75b689255980a809856
   速度: 10605.47KB/s | 数据量: 10.6KB | 总耗时: 3.03s
[2025-08-10 09:27:59] ✅ 测速成功: https://mursor.ottiptv.cc/bst/cctv8@1300000.m3u8
   速度: 10605.47KB/s | 数据量: 10.6KB | 总耗时: 3.36s
[2025-08-10 09:27:59] ✅ 测速成功: https://mursor.ottiptv.cc/bst/cctv16hd4m@4000000.m3u8
   速度: 10605.47KB/s | 数据量: 10.6KB | 总耗时: 6.37s
[2025-08-10 09:27:59] ✅ 测速成功: https://mursor.ottiptv.cc/migu/947472496.m3u8?migutoken=21355eda5dae584ee1fdc2057983479b383b041aa7fe40e68a0f5d449d44be46e161a69aa85cbc10dfd56c39400b5a95222682086e63d44a09a6927cc393a3cf1893a1d19f6c360fdb917e8bfa
   速度: 652.34KB/s | 数据量: 0.7KB | 总耗时: 1.43s
[2025-08-10 09:27:59] ✅ 测速成功: https://mursor.ottiptv.cc/migu/608917627.m3u8?migutoken=e4fb2f261f5bea49af36e54049c3ab7f59946a46e0e14efe687c7b8f3d6ac65f8b2a29148405773648482c4fd18d29b27c4f1a5708ffb4e905b5bd5a72458a6939575ea3ba3b59a3fc5866e24f
   速度: 652.34KB/s | 数据量: 0.7KB | 总耗时: 1.73s
[2025-08-10 09:27:59] ✅ 测速成功: https://mursor.ottiptv.cc/migu/947472500.m3u8?migutoken=de440fad5e9b7d30488d982f4464cde6d0942ff8841d9097301253bff27cf9ff4f100b713e5fef8336d43eb17cb4314bcce77b09684825eeea3bed104d00c10c2efa4175c31a10ea0e8d1f59b8
   速度: 652.34KB/s | 数据量: 0.7KB | 总耗时: 1.46s
[2025-08-10 09:27:59] ✅ 测速成功: https://mursor.ottiptv.cc/bst/hddfws@4000000.m3u8
   速度: 1392.58KB/s | 数据量: 1.4KB | 总耗时: 0.50s
[2025-08-10 09:27:59] ✅ 测速成功: https://mursor.ottiptv.cc/migu/956904896.m3u8?migutoken=2f87408057530cc03e39a352e89d448058f4ccd5d6e534a62b751dc196b165505f7984c6539678178faa492f0f01b35f81895daee119acf30dfd7b51effbcefc1e8a83bbcd003e0a97d790c5cb
   速度: 1392.58KB/s | 数据量: 1.4KB | 总耗时: 0.66s
[2025-08-10 09:27:59] ✅ 测速成功: https://mursor.ottiptv.cc/migu/849119120.m3u8?migutoken=b8a89cb78db03fb0ebabcaa18977e85d8c859c6ce8c4372cf1e3f4ac630851f7f27eee8f41bb84836393402a53bcd3e3e15e1579deae6cbc150e4bbd5ba27d0d2f3eb23ea91412b137aa4981c5
   速度: 1392.58KB/s | 数据量: 1.4KB | 总耗时: 0.77s
[2025-08-10 09:27:59] ✅ 测速成功: https://mursor.ottiptv.cc/migu/947472506.m3u8?migutoken=48051118f08a32b6226decfd8211aab38b84c5fb2392d382c2aab9aa23a5b294d001e5078e6009c3b6a56990d1368671f2a50825422db368fb37a30ef606b0e75dcb537364bce35e2e7a0a0989
   速度: 652.34KB/s | 数据量: 0.7KB | 总耗时: 1.54s
[2025-08-10 09:27:59] ✅ 测速成功: https://mursor.ottiptv.cc/bst/zjwshd@4000000.m3u8
   速度: 1392.58KB/s | 数据量: 1.4KB | 总耗时: 0.43s
[2025-08-10 09:27:59] ✅ 测速成功: https://mursor.ottiptv.cc/bst/hbwshd4m@4000000.m3u8
   速度: 1392.58KB/s | 数据量: 1.4KB | 总耗时: 0.50s
[2025-08-10 09:28:00] ✅ 测速成功: https://mursor.ottiptv.cc/bst/bjwshd@4000000.m3u8
   速度: 1392.58KB/s | 数据量: 1.4KB | 总耗时: 0.57s
[2025-08-10 09:28:00] ✅ 测速成功: https://mursor.ottiptv.cc/migu/738910838.m3u8?migutoken=18ced5cdcb0c93efdff2f378bcb334a7b7a87804ded5d41454689effae49ed96129db74638403d174a6753712dafd9fea6a9aeefe6564a1219c2229147715cd82e8c1bc758511b7e99141b71c9
   速度: 10605.47KB/s | 数据量: 10.6KB | 总耗时: 3.92s
[2025-08-10 09:28:00] ✅ 测速成功: https://mursor.ottiptv.cc/bst/dnwshd@4000000.m3u8
   速度: 1392.58KB/s | 数据量: 1.4KB | 总耗时: 0.49s
[2025-08-10 09:28:00] ✅ 测速成功: https://mursor.ottiptv.cc/migu/947472502.m3u8?migutoken=5621d93ac4d82a6a2d39dccc46ce318226af3ef671ec1ffb66660fadf8db5d64df64f72f327e689af2fadec4863d684900b62bfc4cf99dc3e3fa74e599bb457fc54ac173d2d370693515b77e4c
   速度: 652.34KB/s | 数据量: 0.7KB | 总耗时: 1.50s
[2025-08-10 09:28:00] ✅ 测速成功: https://mursor.ottiptv.cc/bst/jswshd@4000000.m3u8
   速度: 1392.58KB/s | 数据量: 1.4KB | 总耗时: 0.75s
[2025-08-10 09:28:00] ✅ 测速成功: https://mursor.ottiptv.cc/migu/956923145.m3u8?migutoken=6083515e3c7e34c7a76cc09625e88387ae4ac1d451b3dd18779bc9353d48bd7061be2be6a7f9f065388aeea07b2bd16d37380f9cff4362c21dc4349aaaf830d9565da5cdc47b835488cf9d17ec
   速度: 652.34KB/s | 数据量: 0.7KB | 总耗时: 1.36s
[2025-08-10 09:28:00] ✅ 测速成功: https://mursor.ottiptv.cc/bst/tjwshd@4000000.m3u8
   速度: 1392.58KB/s | 数据量: 1.4KB | 总耗时: 0.75s
[2025-08-10 09:28:00] ✅ 测速成功: https://mursor.ottiptv.cc/bst/hnwshd@4000000.m3u8
   速度: 1392.58KB/s | 数据量: 1.4KB | 总耗时: 0.76s
[2025-08-10 09:28:00] ✅ 测速成功: https://mursor.ottiptv.cc/bst/sdwshd@4000000.m3u8
   速度: 1392.58KB/s | 数据量: 1.4KB | 总耗时: 0.77s
[2025-08-10 09:28:00] ✅ 测速成功: https://mursor.ottiptv.cc/bst/ahwshd@4000000.m3u8
   速度: 1392.58KB/s | 数据量: 1.4KB | 总耗时: 0.76s
[2025-08-10 09:28:00] ✅ 测速成功: https://mursor.ottiptv.cc/bst/hbwshd@4000000.m3u8
   速度: 1392.58KB/s | 数据量: 1.4KB | 总耗时: 0.75s
[2025-08-10 09:28:00] ✅ 测速成功: https://mursor.ottiptv.cc/bst/gswshd4m@4000000.m3u8
   速度: 1392.58KB/s | 数据量: 1.4KB | 总耗时: 0.53s
[2025-08-10 09:28:01] ✅ 测速成功: https://mursor.ottiptv.cc/bst/gdwshd@4000000.m3u8
   速度: 1392.58KB/s | 数据量: 1.4KB | 总耗时: 0.58s
[2025-08-10 09:28:01] ✅ 测速成功: https://mursor.ottiptv.cc/bst/gxwshd4m@4000000.m3u8
   速度: 1392.58KB/s | 数据量: 1.4KB | 总耗时: 0.58s
[2025-08-10 09:28:01] ✅ 测速成功: https://mursor.ottiptv.cc/bst/gzwshd4m@4000000.m3u8
   速度: 1392.58KB/s | 数据量: 1.4KB | 总耗时: 0.58s
[2025-08-10 09:28:01] ✅ 测速成功: https://mursor.ottiptv.cc/bst/cqwshd4m@4000000.m3u8
   速度: 1392.58KB/s | 数据量: 1.4KB | 总耗时: 0.58s
[2025-08-10 09:28:01] ✅ 测速成功: https://mursor.ottiptv.cc/bst/henwshd4m@4000000.m3u8
   速度: 1392.58KB/s | 数据量: 1.4KB | 总耗时: 0.61s
[2025-08-10 09:28:01] ✅ 测速成功: https://mursor.ottiptv.cc/bst/jlwshd4m@4000000.m3u8
   速度: 1392.58KB/s | 数据量: 1.4KB | 总耗时: 0.49s
[2025-08-10 09:28:01] ✅ 测速成功: https://mursor.ottiptv.cc/bst/hljwshd@4000000.m3u8
   速度: 1392.58KB/s | 数据量: 1.4KB | 总耗时: 0.71s
[2025-08-10 09:28:01] ✅ 测速成功: https://mursor.ottiptv.cc/bst/hainwshd4m@4000000.m3u8
   速度: 1392.58KB/s | 数据量: 1.4KB | 总耗时: 0.70s
[2025-08-10 09:28:01] ✅ 测速成功: https://mursor.ottiptv.cc/bst/jxwshd@4000000.m3u8
   速度: 1392.58KB/s | 数据量: 1.4KB | 总耗时: 0.45s
[2025-08-10 09:28:01] ✅ 测速成功: https://mursor.ottiptv.cc/bst/lnwshd@4000000.m3u8
   速度: 1392.58KB/s | 数据量: 1.4KB | 总耗时: 0.42s
[2025-08-10 09:28:01] ✅ 测速成功: https://mursor.ottiptv.cc/bst/xjws@1300000.m3u8
   速度: 1392.58KB/s | 数据量: 1.4KB | 总耗时: 0.44s
[2025-08-10 09:28:01] ✅ 测速成功: https://mursor.ottiptv.cc/bst/szwshd@4000000.m3u8
   速度: 1392.58KB/s | 数据量: 1.4KB | 总耗时: 0.63s
[2025-08-10 09:28:01] ✅ 测速成功: https://mursor.ottiptv.cc/bst/ynwshd4m@4000000.m3u8
   速度: 1392.58KB/s | 数据量: 1.4KB | 总耗时: 0.63s
[2025-08-10 09:28:01] ✅ 测速成功: https://mursor.ottiptv.cc/bst/scwshd4m@4000000.m3u8
   速度: 1392.58KB/s | 数据量: 1.4KB | 总耗时: 0.62s
[2025-08-10 09:28:01] ✅ 测速成功: https://mursor.ottiptv.cc/bst/shanxiws@1300000.m3u8
   速度: 1392.58KB/s | 数据量: 1.4KB | 总耗时: 0.62s
[2025-08-10 09:28:01] ✅ 测速成功: https://mursor.ottiptv.cc/bst/adws2d5m@2500000.m3u8
   速度: 1392.58KB/s | 数据量: 1.4KB | 总耗时: 0.46s
[2025-08-10 09:28:01] ✅ 测速成功: https://mursor.ottiptv.cc/bst/sxws@1300000.m3u8
   速度: 1392.58KB/s | 数据量: 1.4KB | 总耗时: 0.63s
[2025-08-10 09:28:01] ✅ 测速成功: https://mursor.ottiptv.cc/bst/xzws@2500000.m3u8
   速度: 1392.58KB/s | 数据量: 1.4KB | 总耗时: 0.67s
[2025-08-10 09:28:01] ✅ 测速成功: https://mursor.ottiptv.cc/bst/btws@1300000.m3u8
   速度: 1392.58KB/s | 数据量: 1.4KB | 总耗时: 0.61s
[2025-08-10 09:28:02] ✅ 测速成功: https://mursor.ottiptv.cc/bst/nmgws@1300000.m3u8
   速度: 1392.58KB/s | 数据量: 1.4KB | 总耗时: 0.62s
[2025-08-10 09:28:02] ✅ 测速成功: https://mursor.ottiptv.cc/bst/qhws@1300000.m3u8
   速度: 1392.58KB/s | 数据量: 1.4KB | 总耗时: 0.84s
[2025-08-10 09:28:02] ✅ 测速成功: https://mursor.ottiptv.cc/migu/651632657.m3u8?migutoken=3a1d1da32f0bf0e1cb9c2ad033d1c1681f555d6b0ef984e99aa8c1886bf6cb700a263a55ee679d2e4c5c90e69ae5031178f8dc9e08ccc681ea7ced21d147fde4d395c6e6983fe6c7310d4050d4
   速度: 1392.58KB/s | 数据量: 1.4KB | 总耗时: 0.82s
[2025-08-10 09:28:02] ✅ 测速成功: https://mursor.ottiptv.cc/bst/nxws@1300000.m3u8
   速度: 1392.58KB/s | 数据量: 1.4KB | 总耗时: 0.86s
[2025-08-10 09:28:02] ✅ 测速成功: https://mursor.ottiptv.cc/bst/ssws2d5m@2500000.m3u8
   速度: 1392.58KB/s | 数据量: 1.4KB | 总耗时: 0.86s
[2025-08-10 09:28:02] ✅ 测速成功: https://mursor.ottiptv.cc/migu/626064707.m3u8?migutoken=1286580b6cf9609a45d371807f937407638e5afd05777f9a881cf00816cf7909087bf3d78f1cf5de92115cb4e3cf5251ad244b3bfc40ebb4053a5d43bd4788fe0f742a69d3ad02ff89f9604626
   速度: 1392.58KB/s | 数据量: 1.4KB | 总耗时: 0.96s
[2025-08-10 09:28:03] ✅ 测速成功: https://mursor.ottiptv.cc/migu/608780988.m3u8?migutoken=e365bc59547d6ef86cc8fcc3b5362c585050f08455a0dcfc03fde3db9a459ebb969e733a9a20939007c54e784d5598ca644e652cb7984a55eb47d9d59db2263dcafe5aa328214078468f842296
   速度: 652.34KB/s | 数据量: 0.7KB | 总耗时: 1.45s
[2025-08-10 09:28:03] ✅ 测速成功: https://mursor.ottiptv.cc/migu/617290047.m3u8?migutoken=e2bc265628c7b72dec1700c64dd3d630834c230aa9873540e422abdf35b32f8d181c80fe3e40678500df8cd2701cdb9f4ada9da86bc851584fd4800fa84c3e74985e0704a6f933bb36c3ae0b29
   速度: 652.34KB/s | 数据量: 0.7KB | 总耗时: 1.50s
[2025-08-10 09:28:03] ✅ 测速成功: https://mursor.ottiptv.cc/migu/838109047.m3u8?migutoken=8980d3008e09013915cd8785cae60b7dc82db1337d331c453e9dc917943f916905b9520e8558b68b0fe78888c3db3bd27197d747fd6c4875efd1cc2071c7ee514d6294d5e62d15d0687fa3fbba
   速度: 652.34KB/s | 数据量: 0.7KB | 总耗时: 1.46s
[2025-08-10 09:28:03] ✅ 测速成功: https://mursor.ottiptv.cc/migu/838153729.m3u8?migutoken=4e4c7e46fb9bc97e8b691c37b329029e145b9cc45479703558b1973309eb50caa5673a7ab1673b7a6718beac8e064d5c5bb83a23ba88cbbdfd2fda530b2af986c602c4183b7843bba9a8f4c82e
   速度: 652.34KB/s | 数据量: 0.7KB | 总耗时: 1.63s
[2025-08-10 09:28:03] ✅ 测速成功: https://mursor.ottiptv.cc/migu/838151753.m3u8?migutoken=bac71f63ea2c844854e7b4128b8945fc47d115fe1354aafbba1e486d4aeedd9a191c8484e347d2aa0b204ce37a0241d5afb338ecfd08bdcfca5fffd9a2f4339e313c677992b1e596de87d31d59
   速度: 652.34KB/s | 数据量: 0.7KB | 总耗时: 1.67s
[2025-08-10 09:28:04] ✅ 测速成功: https://mursor.ottiptv.cc/migu/626064693.m3u8?migutoken=b2890dbe3af013e10fafd42a2e6bb5a2e8bba56bce3a61a2fe633246decbebec014845ecec2bc2658e7ceeab4c44c8005358dc9f196e89c19d96d75313039eb2aba884ca7638efec7588186add
   速度: 10605.47KB/s | 数据量: 10.6KB | 总耗时: 1.69s
[2025-08-10 09:28:05] ✅ 测速成功: https://mursor.ottiptv.cc/migu/639731818.m3u8?migutoken=654b2eb4eb149ceceee2c76e32da8d23815d8725b9fc936bba5286af6cbe2afeb4803a734f6f0e5ea705a948ba6a768615bf560f1ab10a63d08b731d7b2686b72f0b6a1fd94e07e42850b01439
   速度: 10605.47KB/s | 数据量: 10.6KB | 总耗时: 1.46s
[2025-08-10 09:28:05] ✅ 测速成功: https://mursor.ottiptv.cc/migu/639731715.m3u8?migutoken=4a5c88c3a16ca4b1aab365faaac9e7f2fa3bcf3d94117524e48107add495eee0e2e317face15fb6f7f72fae8bc6cf472a37ae3857dcbafef994ea238fe53ec3df2e78faf0a1759ea59afb78bbb
   速度: 10605.47KB/s | 数据量: 10.6KB | 总耗时: 1.54s
[2025-08-10 09:28:05] ✅ 测速成功: https://mursor.ottiptv.cc/migu/628008321.m3u8?migutoken=63d28a674a8f7f305fee2bf0e2ef2223f6d7adb8f93cc4498ba568bd336972811051521fcec8a230e7ce9452ef9cc6b2132a98fd385c4bc95a0b6bed513ff1621a7fa54d9bfa7af0aa242625fa
   速度: 10605.47KB/s | 数据量: 10.6KB | 总耗时: 2.94s
[2025-08-10 09:28:05] ✅ 测速成功: https://mursor.ottiptv.cc/migu/626064697.m3u8?migutoken=388943f48a640eb835a48e00569bafcf6aed58e29239d3111893b4f49edd6323210d1d62316f8f40bde56454909b004eff3512714fad9a20092fde468a3226a28b634460a596242371f0f28bd2
   速度: 10605.47KB/s | 数据量: 10.6KB | 总耗时: 3.33s
[2025-08-10 09:28:05] ✅ 测速成功: https://mursor.ottiptv.cc/migu/626064674.m3u8?migutoken=8c0ac3110433fd366c5bb9ee63cfe83e08b40ab7bacb79366ed28a5ac15e192e5b961dea1f9dd0d89ec22a016f326771729b34040380334abc5990453489c48ab95daddcadae94bba815d11958
   速度: 10605.47KB/s | 数据量: 10.6KB | 总耗时: 3.36s
[2025-08-10 09:28:05] ✅ 测速成功: https://mursor.ottiptv.cc/migu/639731826.m3u8?migutoken=c717dbde6f1b92b4c4e903ebf7432e268e4cc45b82cb22721cc0d23d452d0542e4bf9a065bd5a419941f3fb3340a43eb52f193051e5a595cb9a65ef3a1b6b88d3b60793af97e7d6dc4c3c1aca9
   速度: 10605.47KB/s | 数据量: 10.6KB | 总耗时: 2.67s
[2025-08-10 09:28:05] ✅ 测速成功: https://mursor.ottiptv.cc/migu/626064714.m3u8?migutoken=8ae313c17c20093e9653611e23de40766bda8b881087ca227452a6be50f9e11db3efab01736f80207892bfc8dfa99eb1158be4b17f543674defb2df9b9911c1d53e52afdd3cd9ff39118b87eaa
   速度: 10605.47KB/s | 数据量: 10.6KB | 总耗时: 3.46s
[2025-08-10 09:28:06] ✅ 测速成功: https://mursor.ottiptv.cc/migu/626065193.m3u8?migutoken=78d90725b80197c6cad217713d9fcdfa987388c42d4878615de57f438ae6b3bd9ffc2408c0bf1c5bf9d8ac38ba432471bf5d4ed293438f602c79596013a1398d63e1208443fcd38272894211e4
   速度: 10605.47KB/s | 数据量: 10.6KB | 总耗时: 3.22s
[2025-08-10 09:28:06] ✅ 测速成功: https://mursor.ottiptv.cc/migu/639731832.m3u8?migutoken=2125d7e18b8d2a6881985f23c326843e5b919b57d70674a8159b615a329f49957d69cf09d2e1b1157fd24e2bb48c8c4e8f8cdb1d19a430691fb593d70d6105beb348a5e49a21851e81d94d424e
   速度: 10605.47KB/s | 数据量: 10.6KB | 总耗时: 1.92s
[2025-08-10 09:28:06] ✅ 测速成功: https://mursor.ottiptv.cc/migu/639731747.m3u8?migutoken=8f25e0e5017968687e9e06bac47f9ef6b35ae191f86a2b0ccc027706b1f84e5d81446fc29b51324b17997530715cdac4b220db1f05a71cab397ba38b91dc459936ded2066af66b1ac8d1196f31
   速度: 10605.47KB/s | 数据量: 10.6KB | 总耗时: 1.92s
[2025-08-10 09:28:07] ✅ 测速成功: https://mursor.ottiptv.cc/migu/626064703.m3u8?migutoken=bd71e4965a6eae9bf5016f15c54192c857df971e04999059ab2e9b584553b7510761d8a99c2b08339aa509350ce049a200477dcbe09167af5bb1b50171a0b467536db0aa84f6de7488ed0bba10
   速度: 10605.47KB/s | 数据量: 10.6KB | 总耗时: 1.82s
[2025-08-10 09:28:07] ✅ 测速成功: https://mursor.ottiptv.cc/migu/955227979.m3u8?migutoken=c41a7f8fa1917395069999aa1413bb92b223ff58393e9fbc1112c36947446466d76b330a53f97a4ca390be15a27d1dc0d0a23a80819483ca404b60d271b33b7a84916165de69139de2003d432e
   速度: 10605.47KB/s | 数据量: 10.6KB | 总耗时: 1.56s
[2025-08-10 09:28:07] ✅ 测速成功: https://mursor.ottiptv.cc/migu/639731825.m3u8?migutoken=0de8dc8b101d620cfbf2bcf90fbe57cc007ed5ad076d8913608ed8313df0b06c0b903972ff9d39f527c5c54d857f393d34ead83898df978746c99b43945fce2124eec2deba5a38806de8ab536a
   速度: 10605.47KB/s | 数据量: 10.6KB | 总耗时: 4.09s
[2025-08-10 09:28:07] ✅ 测速成功: https://mursor.ottiptv.cc/migu/956909362.m3u8?migutoken=bb2d9bbf3ae1b4fe7378e79e1b070909131a65ff6465f913329b1956ab723237e513f6acbe6a763a84cde76db60736ed2d4cf3ef8a2a926eac4bb60c812cf04a7ee2e13db609dcded3c1df3ccf
   速度: 652.34KB/s | 数据量: 0.7KB | 总耗时: 1.40s
[2025-08-10 09:28:08] ✅ 测速成功: https://mursor.ottiptv.cc/migu/956923159.m3u8?migutoken=598d6750ea116a0357aa937745e8ce497db4cf53dbf3a92dfe7b4b41443f8b75f1b31522ff2145d10611a50ec2925befda73fa6796885452c4d4b0d5092487672db4d533d4620a8e32decc3357
   速度: 652.34KB/s | 数据量: 0.7KB | 总耗时: 1.25s
[2025-08-10 09:28:08] ✅ 测速成功: https://mursor.ottiptv.cc/migu/617290047.m3u8?migutoken=e2bc265628c7b72dec1700c64dd3d630834c230aa9873540e422abdf35b32f8d181c80fe3e40678500df8cd2701cdb9f4ada9da86bc851584fd4800fa84c3e74985e0704a6f933bb36c3ae0b29
   速度: 652.34KB/s | 数据量: 0.7KB | 总耗时: 1.15s
[2025-08-10 09:28:08] ❌ 测速失败: https://mursor.ottiptv.cc/migu/955227985.m3u8?migutoken=817f76da4b4e13b85f591d626fc9fb84f82f8d840871c7ce361dde7811dbb58e502b0ac7b55acb7041528de156e5e5bd772baed5b53838ab8eba5c44d2c6dba7063fab6c1b39922d7b763e40d5
   错误: HTTPSConnectionPool(host='mursor.ottiptv.cc', port=443): Read timed out. (read timeout=3.05) | 域名: mursor.ottiptv.cc
[2025-08-10 09:28:09] ❌ 测速失败: https://mursor.ottiptv.cc/migu/955227996.m3u8?migutoken=2501aabc9806eaeb7835ae3ffdc0fbbc5d69a1a441a97dde788ee3c04ba196c40b78bca9c4964239b0b6c60949fb23d42d02896d3bf1efc5aae5f1d346109bec677eb1a39e5f8f78a46d7ba3fa
   错误: HTTPSConnectionPool(host='mursor.ottiptv.cc', port=443): Read timed out. (read timeout=3.05) | 域名: mursor.ottiptv.cc
[2025-08-10 09:28:09] ❌ 测速失败: https://mursor.ottiptv.cc/migu/639731952.m3u8?migutoken=4bbfc5d805db1341f26bee10ff51b2d17aa3b936f5e03453d38e727d95ea277fd613abf7bd217367baf559f94d43483ad4afc09db7684fbf94792d091d3ec5510c1b64f9f19466fae8b329a06d
   错误: HTTPSConnectionPool(host='mursor.ottiptv.cc', port=443): Read timed out. (read timeout=3.05) | 域名: mursor.ottiptv.cc
[2025-08-10 09:28:09] ❌ 测速失败: https://mursor.ottiptv.cc/migu/639737327.m3u8?migutoken=d9c0d2437fbd03a91411eaa2c194a2ddc02b4f24390798e32105b546899739f6c795b32d5262239a795ac2668ae51f44c25f5fbc6d7ff6b304c360620df0d34da8b964540fe31317f28c128bb9
   错误: HTTPSConnectionPool(host='mursor.ottiptv.cc', port=443): Read timed out. (read timeout=3.05) | 域名: mursor.ottiptv.cc
[2025-08-10 09:28:09] ✅ 测速成功: https://mursor.ottiptv.cc/migu/626064697.m3u8?migutoken=388943f48a640eb835a48e00569bafcf6aed58e29239d3111893b4f49edd6323210d1d62316f8f40bde56454909b004eff3512714fad9a20092fde468a3226a28b634460a596242371f0f28bd2
   速度: 652.34KB/s | 数据量: 0.7KB | 总耗时: 1.36s
[2025-08-10 09:28:10] ✅ 测速成功: https://mursor.ottiptv.cc/migu/625133682.m3u8?migutoken=d8ee8116e7f518cfa65d9171e907981952904da05b7e0649cf7befb888c29091842963599db4b8bb0037f56d9ea6145e9e499725c65b29ec53a083e3bedcb261daab3275e3d69b331566970bda
   速度: 652.34KB/s | 数据量: 0.7KB | 总耗时: 1.26s
[2025-08-10 09:28:10] ✅ 测速成功: https://mursor.ottiptv.cc/migu/619495952.m3u8?migutoken=ac2c28ae540008790db005ea7ffac8c2df5917cd16529ced938bc42eee1b7a11c1a37863290b6a5f0df944269325788d03e6e9a8e27d86d81ba01937c70533dac34b812b4010ab428d86b8e456
   速度: 652.34KB/s | 数据量: 0.7KB | 总耗时: 1.05s
[2025-08-10 09:28:10] ✅ 测速成功: https://mursor.ottiptv.cc/migu/952383261.m3u8?migutoken=110576944e55596423f7863ba0ef06e9d9b87540e392d1778b9a3925f7e2e410702a879280d963a48f9c2d532c5ed16b096a4d4e6a0e17271d508e97788bd208abb56632ec84a9f168d1a82f4b
   速度: 652.34KB/s | 数据量: 0.7KB | 总耗时: 1.10s
[2025-08-10 09:28:10] ✅ 测速成功: https://mursor.ottiptv.cc/migu/644368714.m3u8?migutoken=96c87329493dafdc92efc409d970370a61f1487c3b058a6628b1e9cd9f0994ea269d247fba8796389505a35b24b48cd920fcd35be2cfba436d435da9a6692824cb1b0d216c9335bd6821651203
   速度: 652.34KB/s | 数据量: 0.7KB | 总耗时: 1.08s
[2025-08-10 09:28:10] ✅ 测速成功: https://mursor.ottiptv.cc/migu/617432318.m3u8?migutoken=cecd8071f4fae48b38c0d06f02efbbff113ffc643661e99f02ba564518e60f7c0ddfb85ec801b7b15e26a8b4d20f193f8196cf191427e2e4cdadd55149c7e87ef85969d46eca5e2606a88351c3
   速度: 652.34KB/s | 数据量: 0.7KB | 总耗时: 1.21s
[2025-08-10 09:28:10] ❌ 测速失败: https://mursor.ottiptv.cc/migu/956909356.m3u8?migutoken=20a0fce539a288be52f2e4e9716f01779e418bc145ad79a8e2def629e577bdc627d3f682ab56849f39e5190e5663a89d81c06dcfa38ad17b7d0c5cc99124a2dfd45bf971dab9179c89ac16c477
   错误: HTTPSConnectionPool(host='mursor.ottiptv.cc', port=443): Read timed out. (read timeout=3.05) | 域名: mursor.ottiptv.cc
[2025-08-10 09:28:10] ❌ 测速失败: https://mursor.ottiptv.cc/migu/956909303.m3u8?migutoken=7e9a7be9e07d840079c5c055d0980176a8aba2bfb4d91c8948e5846cfb17bfd3bc0386c8e553f25508b587cf12e36216f0fe2615cc3e9a28d5c33a04cd0d4643ae9360486fada279c90677a89f
   错误: HTTPSConnectionPool(host='mursor.ottiptv.cc', port=443): Read timed out. (read timeout=3.05) | 域名: mursor.ottiptv.cc
[2025-08-10 09:28:10] ❌ 测速失败: https://mursor.ottiptv.cc/migu/956909358.m3u8?migutoken=3946243c24138b4467f8adb9ad03ec2bf4a63c494951325ec8fe2c48d8ca13c3a4354096c8ca2bfd0c7d9fd1c63b99016cbe06a14029b047004e7ed4c11b09e77d651a5db86c14b8275c1f9cb8
   错误: HTTPSConnectionPool(host='mursor.ottiptv.cc', port=443): Read timed out. (read timeout=3.05) | 域名: mursor.ottiptv.cc
[2025-08-10 09:28:10] ❌ 测速失败: https://mursor.ottiptv.cc/migu/956909289.m3u8?migutoken=089958ccd4766678c44ab4c345161118ba5ebef9ed395de4077d0645b90290c7b120d3e2f5d8e3603ac40216c27da4173c670c6cf16497f3e4c68481c8f54cbd9f04c6826d9a83925e1fd39f8f
   错误: HTTPSConnectionPool(host='mursor.ottiptv.cc', port=443): Read timed out. (read timeout=3.05) | 域名: mursor.ottiptv.cc
[2025-08-10 09:28:10] ✅ 测速成功: https://lotus.stingray.com/manifest/cmusic-cme004-montreal/samsungtvplus/dee3e3af-2706-3e77-a952-91b99f6d1819/5711200/manifest.m3u8
   速度: 2042.97KB/s | 数据量: 2.0KB | 总耗时: 0.29s
[2025-08-10 09:28:10] ✅ 测速成功: https://gitlab.com/p2v5/wangtv/-/raw/main/about1080p.mp4
   速度: 52913.37KB/s | 数据量: 8412.8KB | 总耗时: 0.45s
[2025-08-10 09:28:10] ✅ 测速成功: http://61.221.215.25:8800/hls/49/index.m3u8
   速度: 252.93KB/s | 数据量: 0.3KB | 总耗时: 0.34s
[2025-08-10 09:28:10] ✅ 测速成功: https://AMChls.wns.live/hls/stream.m3u8
   速度: 721.68KB/s | 数据量: 0.7KB | 总耗时: 0.46s
[2025-08-10 09:28:10] ✅ 测速成功: http://61.221.215.25:8800/hls/43/index.m3u8
   速度: 236.33KB/s | 数据量: 0.2KB | 总耗时: 0.34s
[2025-08-10 09:28:11] ✅ 测速成功: http://113.195.172.192:808/hls/114/index.m3u8
   速度: 227.54KB/s | 数据量: 0.2KB | 总耗时: 0.44s
[2025-08-10 09:28:11] ✅ 测速成功: http://121.17.146.188:50003/hls/8/index.m3u8
   速度: 228.52KB/s | 数据量: 0.2KB | 总耗时: 0.47s
[2025-08-10 09:28:11] ✅ 测速成功: http://113.195.172.192:808/hls/113/index.m3u8
   速度: 227.54KB/s | 数据量: 0.2KB | 总耗时: 0.44s
[2025-08-10 09:28:11] ✅ 测速成功: http://61.162.52.6:8088/newlive/live/hls/60/live.m3u8
   速度: 232.42KB/s | 数据量: 0.2KB | 总耗时: 0.46s
[2025-08-10 09:28:11] ✅ 测速成功: https://mursor.ottiptv.cc/migu/713600957.m3u8?migutoken=7e8e108ebb796b9a02ab5afbd9a94e4c92a45c8b4f2753d30a3a062a3ffff611831544a099b6282452deefddff53abd098ca56b3883e9e746b3f87c6615935c44690f0f30fb174222c5b607ac4
   速度: 652.34KB/s | 数据量: 0.7KB | 总耗时: 1.25s
[2025-08-10 09:28:11] ✅ 测速成功: https://mursor.ottiptv.cc/migu/644368373.m3u8?migutoken=deb9a6ef531274f0dbdf0609b276bcd534d31e0ee3516fee319a0a786daf9d3deedda89f0663fbdf9fdd0972d846d8675c76277cff3237d22811856dd89525e2b9a05f1c70eea9e8abd2ff9a72
   速度: 652.34KB/s | 数据量: 0.7KB | 总耗时: 1.54s
[2025-08-10 09:28:11] ✅ 测速成功: https://mursor.ottiptv.cc/migu/629943678.m3u8?migutoken=62d10ad1ad52a5db16ffab2ce50330473242d17769a4f28958515040500ab333be825c7ed8c6d4997edad4128b323316fe72f421b40b875af4be201d560e2c5cd8810242b4cc3dd242743671c7
   速度: 652.34KB/s | 数据量: 0.7KB | 总耗时: 1.49s
[2025-08-10 09:28:11] ✅ 测速成功: http://113.195.172.192:808/hls/112/index.m3u8
   速度: 227.54KB/s | 数据量: 0.2KB | 总耗时: 0.44s
[2025-08-10 09:28:11] ✅ 测速成功: https://mursor.ottiptv.cc/migu/614961829.m3u8?migutoken=6043a99eb26b28e550cdc1a6c5458f0a9609156ebb38275cd3b8fa6f42e246acf270cb9e5de117d8349ebb5a6093952962401c44106a832ff2f44c167467e42542b96d4ec33297e61c87200db5
   速度: 652.34KB/s | 数据量: 0.7KB | 总耗时: 1.43s
[2025-08-10 09:28:11] ✅ 测速成功: http://123.146.162.24:8017/c2F0hmi/1000/live.m3u8
   速度: 438.48KB/s | 数据量: 0.4KB | 总耗时: 0.46s
[2025-08-10 09:28:11] ✅ 测速成功: https://mursor.ottiptv.cc/migu/713591450.m3u8?migutoken=647c49e16c91732d613be3eda0392c5cfc5edf664be99ba946e5d3c217c9cd6adf67214710a7b98a2d1ca74002f1bd5a79ec317c7e679ea53af3de094eb6d1bf952551363d2ab3f5665b47d1f2
   速度: 652.34KB/s | 数据量: 0.7KB | 总耗时: 1.57s
[2025-08-10 09:28:12] ✅ 测速成功: http://121.17.146.188:50003/hls/40/index.m3u8
   速度: 228.52KB/s | 数据量: 0.2KB | 总耗时: 0.49s
[2025-08-10 09:28:12] ✅ 测速成功: http://121.17.146.188:50003/hls/42/index.m3u8
   速度: 228.52KB/s | 数据量: 0.2KB | 总耗时: 0.47s
[2025-08-10 09:28:12] ✅ 测速成功: http://36.32.174.67:60080/newlive/live/hls/33/live.m3u8
   速度: 232.42KB/s | 数据量: 0.2KB | 总耗时: 0.86s
[2025-08-10 09:28:12] ✅ 测速成功: http://222.128.55.152:9080/live/dwq.m3u8
   速度: 0.37KB/s | 数据量: 0.1KB | 总耗时: 0.70s
[2025-08-10 09:28:12] ✅ 测速成功: http://36.32.174.67:60080/newlive/live/hls/24/live.m3u8
   速度: 232.42KB/s | 数据量: 0.2KB | 总耗时: 0.84s
[2025-08-10 09:28:12] ✅ 测速成功: http://36.32.174.67:60080/newlive/live/hls/45/live.m3u8
   速度: 232.42KB/s | 数据量: 0.2KB | 总耗时: 0.83s
[2025-08-10 09:28:12] ✅ 测速成功: http://36.32.174.67:60080/newlive/live/hls/49/live.m3u8
   速度: 232.42KB/s | 数据量: 0.2KB | 总耗时: 0.83s
[2025-08-10 09:28:12] ✅ 测速成功: http://36.32.174.67:60080/newlive/live/hls/38/live.m3u8
   速度: 232.42KB/s | 数据量: 0.2KB | 总耗时: 0.82s
[2025-08-10 09:28:12] ✅ 测速成功: http://111.202.12.159:8080/kYGHWzA/1000/live.m3u8
   速度: 330.08KB/s | 数据量: 0.3KB | 总耗时: 0.45s
[2025-08-10 09:28:12] ✅ 测速成功: http://111.202.12.159:8080/3zvkK28/1000/live.m3u8
   速度: 69.34KB/s | 数据量: 0.1KB | 总耗时: 0.45s
[2025-08-10 09:28:12] ✅ 测速成功: http://121.17.146.188:50003/hls/49/index.m3u8
   速度: 228.52KB/s | 数据量: 0.2KB | 总耗时: 0.46s
[2025-08-10 09:28:12] ✅ 测速成功: http://111.53.96.67:8081/live/1/index.m3u8
   速度: 208.98KB/s | 数据量: 0.2KB | 总耗时: 0.46s
[2025-08-10 09:28:13] ✅ 测速成功: https://cloud.video.taobao.com//play/u/57349687/p/1/e/6/t/1/240192067467.mp4
   速度: 36628.77KB/s | 数据量: 31831.9KB | 总耗时: 2.78s
[2025-08-10 09:28:14] ✅ 测速成功: http://liveflash.sxrtv.com/live/sxwshd.m3u8?sub_m3u8=true&edge_slice=true
   速度: 0.00KB/s | 数据量: 0.0KB | 总耗时: 1.89s
[2025-08-10 09:28:17] ❌ 测速失败: http://101.66.199.124:9901/tsfile/live/0119_1.m3u8?key=txiptv&playlive=0&authid=0
   错误: HTTPConnectionPool(host='101.66.199.124', port=9901): Read timed out. (read timeout=5) | 域名: 101.66.199.124
[2025-08-10 09:28:17] ❌ 测速失败: http://101.66.199.124:9901/tsfile/live/1005_1.m3u8?key=txiptv&playlive=0&authid=0
   错误: HTTPConnectionPool(host='101.66.199.124', port=9901): Read timed out. (read timeout=5) | 域名: 101.66.199.124
